#
# A fatal error has been detected by the Java Runtime Environment:
#
#  SIGBUS (0xa) at pc=0x0000000146791fbf, pid=9306, tid=0x0000000000001c03
#
# JRE version: Java(TM) SE Runtime Environment (8.0_92-b14) (build 1.8.0_92-b14)
# Java VM: Java HotSpot(TM) 64-Bit Server VM (25.92-b14 mixed mode bsd-amd64 compressed oops)
# Problematic frame:
# C  [libopenblas.dylib+0x24dfbf]  gemm_driver.constprop.0+0x2cf
#
# Failed to write core dump. Core dumps have been disabled. To enable core dumping, try "ulimit -c unlimited" before starting Java again
#
# If you would like to submit a bug report, please visit:
#   http://bugreport.java.com/bugreport/crash.jsp
# The crash happened outside the Java Virtual Machine in native code.
# See problematic frame for where to report the bug.
#

---------------  T H R E A D  ---------------

Current thread (0x00007ff6b9800000):  JavaThread "main" [_thread_in_native, id=7171, stack(0x000070000593e000,0x00007000059be000)]

siginfo: si_signo: 10 (SIGBUS), si_code: 2 (BUS_ADRERR), si_addr: 0x000070000593e2e0

Registers:
RAX=0x0000000000002000, RBX=0x0000000000000004, RCX=0x0000000000000040, RDX=0x0000000000000001
RSP=0x0000700005938e40, RBP=0x00007000059bc520, RSI=0x0000000000000001, RDI=0x0000000000000000
R8 =0x0000000000000080, R9 =0x000000014b20acc0, R10=0x00007000059390d0, R11=0x0000000000000003
R12=0x0000000000000000, R13=0x0000000000000004, R14=0x0000000000000080, R15=0x00007000059392e0
RIP=0x0000000146791fbf, EFLAGS=0x0000000000010293, ERR=0x0000000000000006
  TRAPNO=0x000000000000000e

Top of Stack: (sp=0x0000700005938e40)
0x0000700005938e40:   00007ff6b7143c00 0000000144e33000
0x0000700005938e50:   00007ff6b9375600 0000000000000000
0x0000700005938e60:   00007000059bc33c 00007000059bc338
0x0000700005938e70:   0000000000000040 0000000000000080
0x0000700005938e80:   0000000000000100 0000000000000100
0x0000700005938e90:   0000000000000080 0000000000000040
0x0000700005938ea0:   0000000000000000 000070000593c2e0
0x0000700005938eb0:   0000000000000004 0000000000000000
0x0000700005938ec0:   0000000000000000 0000000000000010
0x0000700005938ed0:   0000000000000020 0000000000000030
0x0000700005938ee0:   0000000000000040 0000000000000000
0x0000700005938ef0:   0000000000000000 0000000000000000
0x0000700005938f00:   0000000000000000 0000000000000000
0x0000700005938f10:   0000000000000000 0000000000000000
0x0000700005938f20:   0000000000000000 0000000000000000
0x0000700005938f30:   0000000000000000 0000000000000000
0x0000700005938f40:   0000000000000000 0000000000000000
0x0000700005938f50:   0000000000000000 0000000000000000
0x0000700005938f60:   0000000000000000 0000000000000000
0x0000700005938f70:   0000000000000000 0000000000000000
0x0000700005938f80:   0000000000000000 0000000000000000
0x0000700005938f90:   0000000000000000 0000000000000000
0x0000700005938fa0:   0000000000000000 0000000000000000
0x0000700005938fb0:   0000000000000000 0000000000000000
0x0000700005938fc0:   0000000000000000 0000000000000000
0x0000700005938fd0:   0000000000000000 0000000000000000
0x0000700005938fe0:   0000000000000000 0000000000000000
0x0000700005938ff0:   0000000000000000 0000000000000000
0x0000700005939000:   0000000000000000 0000000000000000
0x0000700005939010:   0000000000000000 0000000000000000
0x0000700005939020:   0000000000000000 0000000000000000
0x0000700005939030:   0000000000000000 0000000000000000 

Instructions: (pc=0x0000000146791fbf)
0x0000000146791f9f:   90 48 89 f1 31 d2 48 c1 e1 06 0f 1f 80 00 00 00
0x0000000146791faf:   00 48 8d 04 11 48 83 c2 01 48 c1 e0 07 48 39 da
0x0000000146791fbf:   48 c7 84 04 a0 34 00 00 00 00 00 00 48 c7 84 04
0x0000000146791fcf:   e0 34 00 00 00 00 00 00 75 d7 48 83 c6 01 48 39 

Register to memory mapping:

RAX=0x0000000000002000 is an unknown value
RBX=0x0000000000000004 is an unknown value
RCX=0x0000000000000040 is an unknown value
RDX=0x0000000000000001 is an unknown value
RSP=0x0000700005938e40 is an unknown value
RBP=0x00007000059bc520 is pointing into the stack for thread: 0x00007ff6b9800000
RSI=0x0000000000000001 is an unknown value
RDI=0x0000000000000000 is an unknown value
R8 =0x0000000000000080 is an unknown value
R9 =0x000000014b20acc0: blas_quick_divide_table+0 in /Users/alessandrozonta/.javacpp/cache/openblas-0.2.19-1.3-macosx-x86_64.jar/org/bytedeco/javacpp/macosx-x86_64/libopenblas.dylib at 0x0000000146544000
R10=0x00007000059390d0 is an unknown value
R11=0x0000000000000003 is an unknown value
R12=0x0000000000000000 is an unknown value
R13=0x0000000000000004 is an unknown value
R14=0x0000000000000080 is an unknown value
R15=0x00007000059392e0 is an unknown value


Stack: [0x000070000593e000,0x00007000059be000],  sp=0x0000700005938e40,  free space=18014398509481963k
Native frames: (J=compiled Java code, j=interpreted, Vv=VM code, C=native code)
C  [libopenblas.dylib+0x24dfbf]  gemm_driver.constprop.0+0x2cf
C  0x0000000000000000

Java frames: (J=compiled Java code, j=interpreted, Vv=VM code)
j  org.bytedeco.javacpp.openblas.cblas_sgemm(IIIIIIFLorg/bytedeco/javacpp/FloatPointer;ILorg/bytedeco/javacpp/FloatPointer;IFLorg/bytedeco/javacpp/FloatPointer;I)V+0
j  org.nd4j.linalg.cpu.nativecpu.blas.CpuLevel3.sgemm(CCCIIIFLorg/nd4j/linalg/api/ndarray/INDArray;ILorg/nd4j/linalg/api/ndarray/INDArray;IFLorg/nd4j/linalg/api/ndarray/INDArray;I)V+80
j  org.nd4j.linalg.api.blas.impl.BaseLevel3.gemm(CCCDLorg/nd4j/linalg/api/ndarray/INDArray;Lorg/nd4j/linalg/api/ndarray/INDArray;DLorg/nd4j/linalg/api/ndarray/INDArray;)V+280
j  org.nd4j.linalg.api.ndarray.BaseNDArray.mmuli(Lorg/nd4j/linalg/api/ndarray/INDArray;Lorg/nd4j/linalg/api/ndarray/INDArray;)Lorg/nd4j/linalg/api/ndarray/INDArray;+307
j  org.nd4j.linalg.api.ndarray.BaseNDArray.mmul(Lorg/nd4j/linalg/api/ndarray/INDArray;)Lorg/nd4j/linalg/api/ndarray/INDArray;+53
j  tgcfs.Networks.ConvolutionaryTest.test()V+21
v  ~StubRoutines::call_stub
j  sun.reflect.NativeMethodAccessorImpl.invoke0(Ljava/lang/reflect/Method;Ljava/lang/Object;[Ljava/lang/Object;)Ljava/lang/Object;+0
j  sun.reflect.NativeMethodAccessorImpl.invoke(Ljava/lang/Object;[Ljava/lang/Object;)Ljava/lang/Object;+100
j  sun.reflect.DelegatingMethodAccessorImpl.invoke(Ljava/lang/Object;[Ljava/lang/Object;)Ljava/lang/Object;+6
j  java.lang.reflect.Method.invoke(Ljava/lang/Object;[Ljava/lang/Object;)Ljava/lang/Object;+56
j  org.junit.runners.model.FrameworkMethod$1.runReflectiveCall()Ljava/lang/Object;+15
j  org.junit.internal.runners.model.ReflectiveCallable.run()Ljava/lang/Object;+1
j  org.junit.runners.model.FrameworkMethod.invokeExplosively(Ljava/lang/Object;[Ljava/lang/Object;)Ljava/lang/Object;+10
j  org.junit.internal.runners.statements.InvokeMethod.evaluate()V+12
j  org.junit.runners.ParentRunner.runLeaf(Lorg/junit/runners/model/Statement;Lorg/junit/runner/Description;Lorg/junit/runner/notification/RunNotifier;)V+17
j  org.junit.runners.BlockJUnit4ClassRunner.runChild(Lorg/junit/runners/model/FrameworkMethod;Lorg/junit/runner/notification/RunNotifier;)V+30
j  org.junit.runners.BlockJUnit4ClassRunner.runChild(Ljava/lang/Object;Lorg/junit/runner/notification/RunNotifier;)V+6
j  org.junit.runners.ParentRunner$3.run()V+12
j  org.junit.runners.ParentRunner$1.schedule(Ljava/lang/Runnable;)V+1
j  org.junit.runners.ParentRunner.runChildren(Lorg/junit/runner/notification/RunNotifier;)V+44
j  org.junit.runners.ParentRunner.access$000(Lorg/junit/runners/ParentRunner;Lorg/junit/runner/notification/RunNotifier;)V+2
j  org.junit.runners.ParentRunner$2.evaluate()V+8
j  org.junit.runners.ParentRunner.run(Lorg/junit/runner/notification/RunNotifier;)V+20
j  org.junit.runner.JUnitCore.run(Lorg/junit/runner/Runner;)Lorg/junit/runner/Result;+37
j  com.intellij.junit4.JUnit4IdeaTestRunner.startRunnerWithArgs([Ljava/lang/String;Ljava/lang/String;IZ)I+146
j  com.intellij.rt.execution.junit.IdeaTestRunner$Repeater.startRunnerWithArgs(Lcom/intellij/rt/execution/junit/IdeaTestRunner;[Ljava/lang/String;Ljava/util/ArrayList;Ljava/lang/String;IZ)I+20
j  com.intellij.rt.execution.junit.JUnitStarter.prepareStreamsAndStart([Ljava/lang/String;Ljava/lang/String;Ljava/util/ArrayList;Ljava/lang/String;)I+116
j  com.intellij.rt.execution.junit.JUnitStarter.main([Ljava/lang/String;)V+116
v  ~StubRoutines::call_stub

---------------  P R O C E S S  ---------------

Java Threads: ( => current thread )
  0x00007ff6b8b2f800 JavaThread "NativeRandomDeallocator thread 0" daemon [_thread_blocked, id=24323, stack(0x000070000857b000,0x0000700008979000)]
  0x00007ff6b7116800 JavaThread "JavaCPP Deallocator" daemon [_thread_blocked, id=23043, stack(0x0000700007ff1000,0x00007000083ef000)]
  0x00007ff6b78d4800 JavaThread "Workspace deallocator thread" daemon [_thread_blocked, id=22531, stack(0x0000700007bf0000,0x0000700007fee000)]
  0x00007ff6ba00f000 JavaThread "Service Thread" daemon [_thread_blocked, id=21507, stack(0x00007000076ec000,0x0000700007aea000)]
  0x00007ff6b9809000 JavaThread "C1 CompilerThread3" daemon [_thread_blocked, id=20995, stack(0x00007000075e9000,0x00007000076e9000)]
  0x00007ff6b9808000 JavaThread "C2 CompilerThread2" daemon [_thread_blocked, id=20483, stack(0x00007000074e6000,0x00007000075e6000)]
  0x00007ff6b8878800 JavaThread "C2 CompilerThread1" daemon [_thread_blocked, id=19971, stack(0x00007000073e3000,0x00007000074e3000)]
  0x00007ff6b8877800 JavaThread "C2 CompilerThread0" daemon [_thread_blocked, id=19459, stack(0x00007000072e0000,0x00007000073e0000)]
  0x00007ff6b8862000 JavaThread "Monitor Ctrl-Break" daemon [_thread_in_native, id=18947, stack(0x0000700006edf000,0x00007000072dd000)]
  0x00007ff6b700e000 JavaThread "Signal Dispatcher" daemon [_thread_blocked, id=18435, stack(0x0000700006ade000,0x0000700006edc000)]
  0x00007ff6b8853800 JavaThread "Finalizer" daemon [_thread_blocked, id=14595, stack(0x00007000066dd000,0x0000700006adb000)]
  0x00007ff6b9005800 JavaThread "Reference Handler" daemon [_thread_blocked, id=14083, stack(0x00007000062dc000,0x00007000066da000)]
=>0x00007ff6b9800000 JavaThread "main" [_thread_in_native, id=7171, stack(0x000070000593e000,0x00007000059be000)]

Other Threads:
  0x00007ff6bb000000 VMThread [stack: 0x00007000061d9000,0x00007000062d9000] [id=13571]
  0x00007ff6bb03b000 WatcherThread [stack: 0x0000700007aed000,0x0000700007bed000] [id=22019]

VM state:not at safepoint (normal execution)

VM Mutex/Monitor currently owned by a thread: None

Heap:
 PSYoungGen      total 141824K, used 122475K [0x0000000615580000, 0x000000061ea80000, 0x00000007c0000000)
  eden space 131072K, 85% used [0x0000000615580000,0x000000061c29db58,0x000000061d580000)
  from space 10752K, 99% used [0x000000061e000000,0x000000061ea7d2d0,0x000000061ea80000)
  to   space 10752K, 0% used [0x000000061d580000,0x000000061d580000,0x000000061e000000)
 ParOldGen       total 175104K, used 24093K [0x00000002c0000000, 0x00000002cab00000, 0x0000000615580000)
  object space 175104K, 13% used [0x00000002c0000000,0x00000002c17875c8,0x00000002cab00000)
 Metaspace       used 14913K, capacity 15080K, committed 15360K, reserved 1062912K
  class space    used 1419K, capacity 1487K, committed 1536K, reserved 1048576K

Card table byte_map: [0x0000000102757000,0x0000000104f58000] byte_map_base: 0x0000000101157000

Marking Bits: (ParMarkBitMap*) 0x0000000101ce8bd0
 Begin Bits: [0x000000011b129000, 0x000000012f129000)
 End Bits:   [0x000000012f129000, 0x0000000143129000)

Polling page: 0x000000010025f000

CodeCache: size=245760Kb used=4692Kb max_used=4692Kb free=241067Kb
 bounds [0x000000010c129000, 0x000000010c5c9000, 0x000000011b129000]
 total_blobs=2074 nmethods=1147 adapters=841
 compilation: enabled

Compilation events (10 events):
Event: 1.755 Thread 0x00007ff6b9809000 1143       1       org.nd4j.linalg.api.buffer.BaseDataBuffer::dataType (5 bytes)
Event: 1.755 Thread 0x00007ff6b9809000 nmethod 1143 0x000000010c5ba190 code [0x000000010c5ba2e0, 0x000000010c5ba3f0]
Event: 1.756 Thread 0x00007ff6b9809000 1144       3       org.nd4j.linalg.api.buffer.BaseDataBuffer::offset (5 bytes)
Event: 1.757 Thread 0x00007ff6b9809000 nmethod 1144 0x000000010c5b9e50 code [0x000000010c5b9fa0, 0x000000010c5ba0f0]
Event: 1.757 Thread 0x00007ff6b9809000 1145       3       org.nd4j.linalg.api.buffer.BaseDataBuffer::getInt (73 bytes)
Event: 1.757 Thread 0x00007ff6b9809000 nmethod 1145 0x000000010c5bfa90 code [0x000000010c5bfc80, 0x000000010c5c07a8]
Event: 1.757 Thread 0x00007ff6b9809000 1146       3       org.bytedeco.javacpp.indexer.IntRawIndexer::get (24 bytes)
Event: 1.757 Thread 0x00007ff6b9809000 nmethod 1146 0x000000010c5b96d0 code [0x000000010c5b9860, 0x000000010c5b9c38]
Event: 1.757 Thread 0x00007ff6b9809000 1147       1       org.nd4j.linalg.api.buffer.BaseDataBuffer::underlyingDataBuffer (5 bytes)
Event: 1.757 Thread 0x00007ff6b9809000 nmethod 1147 0x000000010c5c09d0 code [0x000000010c5c0b20, 0x000000010c5c0c30]

GC Heap History (4 events):
Event: 0.625 GC heap before
{Heap before GC invocations=1 (full 0):
 PSYoungGen      total 76288K, used 65536K [0x0000000615580000, 0x000000061aa80000, 0x00000007c0000000)
  eden space 65536K, 100% used [0x0000000615580000,0x0000000619580000,0x0000000619580000)
  from space 10752K, 0% used [0x000000061a000000,0x000000061a000000,0x000000061aa80000)
  to   space 10752K, 0% used [0x0000000619580000,0x0000000619580000,0x000000061a000000)
 ParOldGen       total 175104K, used 0K [0x00000002c0000000, 0x00000002cab00000, 0x0000000615580000)
  object space 175104K, 0% used [0x00000002c0000000,0x00000002c0000000,0x00000002cab00000)
 Metaspace       used 7369K, capacity 7470K, committed 7552K, reserved 1056768K
  class space    used 825K, capacity 849K, committed 896K, reserved 1048576K
Event: 0.641 GC heap after
Heap after GC invocations=1 (full 0):
 PSYoungGen      total 76288K, used 10724K [0x0000000615580000, 0x000000061ea80000, 0x00000007c0000000)
  eden space 65536K, 0% used [0x0000000615580000,0x0000000615580000,0x0000000619580000)
  from space 10752K, 99% used [0x0000000619580000,0x0000000619ff92a0,0x000000061a000000)
  to   space 10752K, 0% used [0x000000061e000000,0x000000061e000000,0x000000061ea80000)
 ParOldGen       total 175104K, used 7005K [0x00000002c0000000, 0x00000002cab00000, 0x0000000615580000)
  object space 175104K, 4% used [0x00000002c0000000,0x00000002c06d75c8,0x00000002cab00000)
 Metaspace       used 7369K, capacity 7470K, committed 7552K, reserved 1056768K
  class space    used 825K, capacity 849K, committed 896K, reserved 1048576K
}
Event: 0.773 GC heap before
{Heap before GC invocations=2 (full 0):
 PSYoungGen      total 76288K, used 76260K [0x0000000615580000, 0x000000061ea80000, 0x00000007c0000000)
  eden space 65536K, 100% used [0x0000000615580000,0x0000000619580000,0x0000000619580000)
  from space 10752K, 99% used [0x0000000619580000,0x0000000619ff92a0,0x000000061a000000)
  to   space 10752K, 0% used [0x000000061e000000,0x000000061e000000,0x000000061ea80000)
 ParOldGen       total 175104K, used 7005K [0x00000002c0000000, 0x00000002cab00000, 0x0000000615580000)
  object space 175104K, 4% used [0x00000002c0000000,0x00000002c06d75c8,0x00000002cab00000)
 Metaspace       used 7400K, capacity 7470K, committed 7552K, reserved 1056768K
  class space    used 827K, capacity 849K, committed 896K, reserved 1048576K
Event: 0.796 GC heap after
Heap after GC invocations=2 (full 0):
 PSYoungGen      total 141824K, used 10740K [0x0000000615580000, 0x000000061ea80000, 0x00000007c0000000)
  eden space 131072K, 0% used [0x0000000615580000,0x0000000615580000,0x000000061d580000)
  from space 10752K, 99% used [0x000000061e000000,0x000000061ea7d2d0,0x000000061ea80000)
  to   space 10752K, 0% used [0x000000061d580000,0x000000061d580000,0x000000061e000000)
 ParOldGen       total 175104K, used 24093K [0x00000002c0000000, 0x00000002cab00000, 0x0000000615580000)
  object space 175104K, 13% used [0x00000002c0000000,0x00000002c17875c8,0x00000002cab00000)
 Metaspace       used 7400K, capacity 7470K, committed 7552K, reserved 1056768K
  class space    used 827K, capacity 849K, committed 896K, reserved 1048576K
}

Deoptimization events (10 events):
Event: 1.245 Thread 0x00007ff6b9800000 Uncommon trap: reason=class_check action=maybe_recompile pc=0x000000010c3b6ac4 method=org.reflections.scanners.AbstractScanner.acceptResult(Ljava/lang/String;)Z @ 9
Event: 1.245 Thread 0x00007ff6b9800000 Uncommon trap: reason=class_check action=maybe_recompile pc=0x000000010c3b6ac4 method=org.reflections.scanners.AbstractScanner.acceptResult(Ljava/lang/String;)Z @ 9
Event: 1.245 Thread 0x00007ff6b9800000 Uncommon trap: reason=class_check action=maybe_recompile pc=0x000000010c3b6ac4 method=org.reflections.scanners.AbstractScanner.acceptResult(Ljava/lang/String;)Z @ 9
Event: 1.245 Thread 0x00007ff6b9800000 Uncommon trap: reason=class_check action=maybe_recompile pc=0x000000010c3b6ac4 method=org.reflections.scanners.AbstractScanner.acceptResult(Ljava/lang/String;)Z @ 9
Event: 1.251 Thread 0x00007ff6b9800000 Uncommon trap: reason=unstable_if action=reinterpret pc=0x000000010c445844 method=java.util.regex.Pattern$CharProperty.match(Ljava/util/regex/Matcher;ILjava/lang/CharSequence;)Z @ 40
Event: 1.251 Thread 0x00007ff6b9800000 Uncommon trap: reason=unstable_if action=reinterpret pc=0x000000010c445844 method=java.util.regex.Pattern$CharProperty.match(Ljava/util/regex/Matcher;ILjava/lang/CharSequence;)Z @ 40
Event: 1.302 Thread 0x00007ff6b9800000 Uncommon trap: reason=unstable_if action=reinterpret pc=0x000000010c42a0dc method=java.util.ArrayList.isEmpty()Z @ 4
Event: 1.640 Thread 0x00007ff6b9800000 Uncommon trap: reason=unstable_if action=reinterpret pc=0x000000010c4e6de0 method=java.util.regex.Pattern$Curly.match(Ljava/util/regex/Matcher;ILjava/lang/CharSequence;)Z @ 9
Event: 1.640 Thread 0x00007ff6b9800000 Uncommon trap: reason=class_check action=maybe_recompile pc=0x000000010c4bf61c method=java.util.regex.Pattern$Curly.match0(Ljava/util/regex/Matcher;IILjava/lang/CharSequence;)Z @ 31
Event: 1.640 Thread 0x00007ff6b9800000 Uncommon trap: reason=class_check action=maybe_recompile pc=0x000000010c4bf61c method=java.util.regex.Pattern$Curly.match0(Ljava/util/regex/Matcher;IILjava/lang/CharSequence;)Z @ 31

Internal exceptions (10 events):
Event: 0.235 Thread 0x00007ff6b9800000 Exception <a 'java/security/PrivilegedActionException'> (0x0000000615d7c3d8) thrown at [/Users/java_re/workspace/8-2-build-macosx-x86_64/jdk8u92/6642/hotspot/src/share/vm/prims/jvm.cpp, line 1386]
Event: 0.410 Thread 0x00007ff6b9800000 Exception <a 'java/lang/NoClassDefFoundError': org/slf4j/impl/StaticLoggerBinder> (0x0000000616586b08) thrown at [/Users/java_re/workspace/8-2-build-macosx-x86_64/jdk8u92/6642/hotspot/src/share/vm/classfile/systemDictionary.cpp, line 199]
Event: 0.562 Thread 0x00007ff6b9800000 Implicit null exception at 0x000000010c3b907c to 0x000000010c3b9be1
Event: 0.564 Thread 0x00007ff6b9800000 Implicit null exception at 0x000000010c3bbed0 to 0x000000010c3bc8ad
Event: 0.565 Thread 0x00007ff6b9800000 Implicit null exception at 0x000000010c3a96fd to 0x000000010c3a9d41
Event: 0.565 Thread 0x00007ff6b9800000 Implicit null exception at 0x000000010c3b7517 to 0x000000010c3b79bd
Event: 0.575 Thread 0x00007ff6b9800000 Implicit null exception at 0x000000010c3c9910 to 0x000000010c3ca2ed
Event: 0.978 Thread 0x00007ff6b9800000 Implicit null exception at 0x000000010c3ac14a to 0x000000010c3ac2f1
Event: 1.193 Thread 0x00007ff6b9800000 Exception <a 'java/lang/NoSuchFieldError': method resolution failed> (0x000000061897e3d8) thrown at [/Users/java_re/workspace/8-2-build-macosx-x86_64/jdk8u92/6642/hotspot/src/share/vm/prims/methodHandles.cpp, line 1146]
Event: 1.196 Thread 0x00007ff6b9800000 Exception <a 'java/lang/NoSuchFieldError': method resolution failed> (0x000000061898c368) thrown at [/Users/java_re/workspace/8-2-build-macosx-x86_64/jdk8u92/6642/hotspot/src/share/vm/prims/methodHandles.cpp, line 1146]

Events (10 events):
Event: 1.753 loading class org/nd4j/linalg/api/blas/impl/BaseLevel3
Event: 1.753 loading class org/nd4j/linalg/api/blas/impl/BaseLevel3 done
Event: 1.754 loading class org/nd4j/linalg/api/blas/impl/BaseLevel
Event: 1.754 loading class org/nd4j/linalg/api/blas/impl/BaseLevel done
Event: 1.755 loading class org/nd4j/linalg/api/ops/aggregates/Aggregate
Event: 1.755 loading class org/nd4j/linalg/api/ops/aggregates/Aggregate done
Event: 1.755 loading class org/nd4j/linalg/api/blas/BlasBufferUtil
Event: 1.755 loading class org/nd4j/linalg/api/blas/BlasBufferUtil done
Event: 1.756 loading class org/nd4j/linalg/api/blas/params/GemmParams
Event: 1.756 loading class org/nd4j/linalg/api/blas/params/GemmParams done


Dynamic libraries:
0x000000005d2b9000 	/System/Library/Frameworks/Cocoa.framework/Versions/A/Cocoa
0x000000005d2b9000 	/System/Library/Frameworks/Security.framework/Versions/A/Security
0x000000005d2b9000 	/System/Library/Frameworks/ApplicationServices.framework/Versions/A/ApplicationServices
0x000000005d2b9000 	/usr/lib/libz.1.dylib
0x000000005d2b9000 	/usr/lib/libSystem.B.dylib
0x000000005d2b9000 	/usr/lib/libobjc.A.dylib
0x000000005d2b9000 	/System/Library/Frameworks/CoreFoundation.framework/Versions/A/CoreFoundation
0x000000005d2b9000 	/System/Library/Frameworks/Foundation.framework/Versions/C/Foundation
0x000000005d2b9000 	/System/Library/Frameworks/AppKit.framework/Versions/C/AppKit
0x000000005d2b9000 	/System/Library/Frameworks/CoreData.framework/Versions/A/CoreData
0x000000005d2b9000 	/System/Library/PrivateFrameworks/RemoteViewServices.framework/Versions/A/RemoteViewServices
0x000000005d2b9000 	/System/Library/PrivateFrameworks/UIFoundation.framework/Versions/A/UIFoundation
0x000000005d2b9000 	/System/Library/PrivateFrameworks/DFRFoundation.framework/Versions/A/DFRFoundation
0x000000005d2b9000 	/usr/lib/libenergytrace.dylib
0x000000005d2b9000 	/System/Library/PrivateFrameworks/SkyLight.framework/Versions/A/SkyLight
0x000000005d2b9000 	/System/Library/Frameworks/CoreGraphics.framework/Versions/A/CoreGraphics
0x000000005d2b9000 	/usr/lib/libScreenReader.dylib
0x000000005d2b9000 	/System/Library/Frameworks/Accelerate.framework/Versions/A/Accelerate
0x000000005d2b9000 	/System/Library/Frameworks/IOSurface.framework/Versions/A/IOSurface
0x000000005d2b9000 	/System/Library/Frameworks/AudioToolbox.framework/Versions/A/AudioToolbox
0x000000005d2b9000 	/System/Library/Frameworks/AudioUnit.framework/Versions/A/AudioUnit
0x000000005d2b9000 	/System/Library/PrivateFrameworks/DataDetectorsCore.framework/Versions/A/DataDetectorsCore
0x000000005d2b9000 	/System/Library/PrivateFrameworks/DesktopServicesPriv.framework/Versions/A/DesktopServicesPriv
0x000000005d2b9000 	/System/Library/Frameworks/Carbon.framework/Versions/A/Frameworks/HIToolbox.framework/Versions/A/HIToolbox
0x000000005d2b9000 	/usr/lib/libicucore.A.dylib
0x000000005d2b9000 	/System/Library/Frameworks/QuartzCore.framework/Versions/A/QuartzCore
0x000000005d2b9000 	/System/Library/Frameworks/Carbon.framework/Versions/A/Frameworks/SpeechRecognition.framework/Versions/A/SpeechRecognition
0x000000005d2b9000 	/usr/lib/libauto.dylib
0x000000005d2b9000 	/usr/lib/libxml2.2.dylib
0x000000005d2b9000 	/System/Library/PrivateFrameworks/CoreUI.framework/Versions/A/CoreUI
0x000000005d2b9000 	/System/Library/Frameworks/CoreAudio.framework/Versions/A/CoreAudio
0x000000005d2b9000 	/System/Library/Frameworks/DiskArbitration.framework/Versions/A/DiskArbitration
0x000000005d2b9000 	/usr/lib/liblangid.dylib
0x000000005d2b9000 	/System/Library/PrivateFrameworks/MultitouchSupport.framework/Versions/A/MultitouchSupport
0x000000005d2b9000 	/System/Library/Frameworks/IOKit.framework/Versions/A/IOKit
0x000000005d2b9000 	/usr/lib/libDiagnosticMessagesClient.dylib
0x000000005d2b9000 	/System/Library/Frameworks/CoreServices.framework/Versions/A/CoreServices
0x000000005d2b9000 	/System/Library/PrivateFrameworks/PerformanceAnalysis.framework/Versions/A/PerformanceAnalysis
0x000000005d2b9000 	/System/Library/PrivateFrameworks/GenerationalStorage.framework/Versions/A/GenerationalStorage
0x000000005d2b9000 	/System/Library/Frameworks/OpenGL.framework/Versions/A/OpenGL
0x000000005d2b9000 	/System/Library/Frameworks/CoreImage.framework/Versions/A/CoreImage
0x000000005d2b9000 	/System/Library/Frameworks/CoreText.framework/Versions/A/CoreText
0x000000005d2b9000 	/System/Library/Frameworks/ImageIO.framework/Versions/A/ImageIO
0x000000005d2b9000 	/System/Library/PrivateFrameworks/Backup.framework/Versions/A/Backup
0x000000005d2b9000 	/usr/lib/libarchive.2.dylib
0x000000005d2b9000 	/System/Library/Frameworks/CFNetwork.framework/Versions/A/CFNetwork
0x000000005d2b9000 	/System/Library/Frameworks/SystemConfiguration.framework/Versions/A/SystemConfiguration
0x000000005d2b9000 	/usr/lib/libCRFSuite.dylib
0x000000005d2b9000 	/usr/lib/libc++.1.dylib
0x000000005d2b9000 	/usr/lib/libc++abi.dylib
0x000000005d2b9000 	/usr/lib/system/libcache.dylib
0x000000005d2b9000 	/usr/lib/system/libcommonCrypto.dylib
0x000000005d2b9000 	/usr/lib/system/libcompiler_rt.dylib
0x000000005d2b9000 	/usr/lib/system/libcopyfile.dylib
0x000000005d2b9000 	/usr/lib/system/libcorecrypto.dylib
0x000000005d2b9000 	/usr/lib/system/libdispatch.dylib
0x000000005d2b9000 	/usr/lib/system/libdyld.dylib
0x000000005d2b9000 	/usr/lib/system/libkeymgr.dylib
0x000000005d2b9000 	/usr/lib/system/liblaunch.dylib
0x000000005d2b9000 	/usr/lib/system/libmacho.dylib
0x000000005d2b9000 	/usr/lib/system/libquarantine.dylib
0x000000005d2b9000 	/usr/lib/system/libremovefile.dylib
0x000000005d2b9000 	/usr/lib/system/libsystem_asl.dylib
0x000000005d2b9000 	/usr/lib/system/libsystem_blocks.dylib
0x000000005d2b9000 	/usr/lib/system/libsystem_c.dylib
0x000000005d2b9000 	/usr/lib/system/libsystem_configuration.dylib
0x000000005d2b9000 	/usr/lib/system/libsystem_coreservices.dylib
0x000000005d2b9000 	/usr/lib/system/libsystem_coretls.dylib
0x000000005d2b9000 	/usr/lib/system/libsystem_dnssd.dylib
0x000000005d2b9000 	/usr/lib/system/libsystem_info.dylib
0x000000005d2b9000 	/usr/lib/system/libsystem_kernel.dylib
0x000000005d2b9000 	/usr/lib/system/libsystem_m.dylib
0x000000005d2b9000 	/usr/lib/system/libsystem_malloc.dylib
0x000000005d2b9000 	/usr/lib/system/libsystem_network.dylib
0x000000005d2b9000 	/usr/lib/system/libsystem_networkextension.dylib
0x000000005d2b9000 	/usr/lib/system/libsystem_notify.dylib
0x000000005d2b9000 	/usr/lib/system/libsystem_platform.dylib
0x000000005d2b9000 	/usr/lib/system/libsystem_pthread.dylib
0x000000005d2b9000 	/usr/lib/system/libsystem_sandbox.dylib
0x000000005d2b9000 	/usr/lib/system/libsystem_secinit.dylib
0x000000005d2b9000 	/usr/lib/system/libsystem_symptoms.dylib
0x000000005d2b9000 	/usr/lib/system/libsystem_trace.dylib
0x000000005d2b9000 	/usr/lib/system/libunwind.dylib
0x000000005d2b9000 	/usr/lib/system/libxpc.dylib
0x000000005d2b9000 	/usr/lib/libbsm.0.dylib
0x000000005d2b9000 	/usr/lib/system/libkxld.dylib
0x000000005d2b9000 	/usr/lib/libcoretls.dylib
0x000000005d2b9000 	/usr/lib/libcoretls_cfhelpers.dylib
0x000000005d2b9000 	/usr/lib/libOpenScriptingUtil.dylib
0x000000005d2b9000 	/usr/lib/libpam.2.dylib
0x000000005d2b9000 	/usr/lib/libsqlite3.dylib
0x000000005d2b9000 	/usr/lib/libxar.1.dylib
0x000000005d2b9000 	/usr/lib/libbz2.1.0.dylib
0x000000005d2b9000 	/usr/lib/liblzma.5.dylib
0x000000005d2b9000 	/usr/lib/libnetwork.dylib
0x000000005d2b9000 	/usr/lib/libpcap.A.dylib
0x000000005d2b9000 	/System/Library/Frameworks/CoreServices.framework/Versions/A/Frameworks/FSEvents.framework/Versions/A/FSEvents
0x000000005d2b9000 	/System/Library/Frameworks/CoreServices.framework/Versions/A/Frameworks/CarbonCore.framework/Versions/A/CarbonCore
0x000000005d2b9000 	/System/Library/Frameworks/CoreServices.framework/Versions/A/Frameworks/Metadata.framework/Versions/A/Metadata
0x000000005d2b9000 	/System/Library/Frameworks/CoreServices.framework/Versions/A/Frameworks/OSServices.framework/Versions/A/OSServices
0x000000005d2b9000 	/System/Library/Frameworks/CoreServices.framework/Versions/A/Frameworks/SearchKit.framework/Versions/A/SearchKit
0x000000005d2b9000 	/System/Library/Frameworks/CoreServices.framework/Versions/A/Frameworks/AE.framework/Versions/A/AE
0x000000005d2b9000 	/System/Library/Frameworks/CoreServices.framework/Versions/A/Frameworks/LaunchServices.framework/Versions/A/LaunchServices
0x000000005d2b9000 	/System/Library/Frameworks/CoreServices.framework/Versions/A/Frameworks/DictionaryServices.framework/Versions/A/DictionaryServices
0x000000005d2b9000 	/System/Library/Frameworks/CoreServices.framework/Versions/A/Frameworks/SharedFileList.framework/Versions/A/SharedFileList
0x000000005d2b9000 	/System/Library/Frameworks/NetFS.framework/Versions/A/NetFS
0x000000005d2b9000 	/System/Library/PrivateFrameworks/NetAuth.framework/Versions/A/NetAuth
0x000000005d2b9000 	/System/Library/PrivateFrameworks/login.framework/Versions/A/Frameworks/loginsupport.framework/Versions/A/loginsupport
0x000000005d2b9000 	/System/Library/PrivateFrameworks/TCC.framework/Versions/A/TCC
0x000000005d2b9000 	/usr/lib/libmecabra.dylib
0x000000005d2b9000 	/System/Library/Frameworks/ApplicationServices.framework/Versions/A/Frameworks/ATS.framework/Versions/A/ATS
0x000000005d2b9000 	/System/Library/Frameworks/ApplicationServices.framework/Versions/A/Frameworks/ColorSync.framework/Versions/A/ColorSync
0x000000005d2b9000 	/System/Library/Frameworks/ApplicationServices.framework/Versions/A/Frameworks/HIServices.framework/Versions/A/HIServices
0x000000005d2b9000 	/System/Library/Frameworks/ApplicationServices.framework/Versions/A/Frameworks/LangAnalysis.framework/Versions/A/LangAnalysis
0x000000005d2b9000 	/System/Library/Frameworks/ApplicationServices.framework/Versions/A/Frameworks/PrintCore.framework/Versions/A/PrintCore
0x000000005d2b9000 	/System/Library/Frameworks/ApplicationServices.framework/Versions/A/Frameworks/QD.framework/Versions/A/QD
0x000000005d2b9000 	/System/Library/Frameworks/ApplicationServices.framework/Versions/A/Frameworks/SpeechSynthesis.framework/Versions/A/SpeechSynthesis
0x000000005d2b9000 	/System/Library/Frameworks/Accelerate.framework/Versions/A/Frameworks/vImage.framework/Versions/A/vImage
0x000000005d2b9000 	/System/Library/Frameworks/Accelerate.framework/Versions/A/Frameworks/vecLib.framework/Versions/A/vecLib
0x000000005d2b9000 	/System/Library/Frameworks/Accelerate.framework/Versions/A/Frameworks/vecLib.framework/Versions/A/libvDSP.dylib
0x000000005d2b9000 	/System/Library/Frameworks/Accelerate.framework/Versions/A/Frameworks/vecLib.framework/Versions/A/libBNNS.dylib
0x000000005d2b9000 	/System/Library/Frameworks/Accelerate.framework/Versions/A/Frameworks/vecLib.framework/Versions/A/libQuadrature.dylib
0x000000005d2b9000 	/System/Library/Frameworks/Accelerate.framework/Versions/A/Frameworks/vecLib.framework/Versions/A/libvMisc.dylib
0x000000005d2b9000 	/System/Library/Frameworks/Accelerate.framework/Versions/A/Frameworks/vecLib.framework/Versions/A/libLAPACK.dylib
0x000000005d2b9000 	/System/Library/Frameworks/Accelerate.framework/Versions/A/Frameworks/vecLib.framework/Versions/A/libBLAS.dylib
0x000000005d2b9000 	/System/Library/Frameworks/Accelerate.framework/Versions/A/Frameworks/vecLib.framework/Versions/A/libLinearAlgebra.dylib
0x000000005d2b9000 	/System/Library/Frameworks/Accelerate.framework/Versions/A/Frameworks/vecLib.framework/Versions/A/libSparseBLAS.dylib
0x000000005d2b9000 	/System/Library/Frameworks/ApplicationServices.framework/Versions/A/Frameworks/ATS.framework/Versions/A/Resources/libFontParser.dylib
0x000000005d2b9000 	/System/Library/Frameworks/ApplicationServices.framework/Versions/A/Frameworks/ATS.framework/Versions/A/Resources/libFontRegistry.dylib
0x000000005d2b9000 	/System/Library/Frameworks/ImageIO.framework/Versions/A/Resources/libJPEG.dylib
0x000000005d2b9000 	/System/Library/Frameworks/ImageIO.framework/Versions/A/Resources/libTIFF.dylib
0x000000005d2b9000 	/System/Library/Frameworks/ImageIO.framework/Versions/A/Resources/libPng.dylib
0x000000005d2b9000 	/System/Library/Frameworks/ImageIO.framework/Versions/A/Resources/libGIF.dylib
0x000000005d2b9000 	/System/Library/Frameworks/ImageIO.framework/Versions/A/Resources/libJP2.dylib
0x000000005d2b9000 	/System/Library/Frameworks/ImageIO.framework/Versions/A/Resources/libRadiance.dylib
0x000000005d2b9000 	/usr/lib/libcompression.dylib
0x000000005d2b9000 	/System/Library/PrivateFrameworks/AppleJPEG.framework/Versions/A/AppleJPEG
0x000000005d2b9000 	/usr/lib/libcups.2.dylib
0x000000005d2b9000 	/System/Library/Frameworks/Kerberos.framework/Versions/A/Kerberos
0x000000005d2b9000 	/System/Library/Frameworks/GSS.framework/Versions/A/GSS
0x000000005d2b9000 	/usr/lib/libresolv.9.dylib
0x000000005d2b9000 	/usr/lib/libiconv.2.dylib
0x000000005d2b9000 	/System/Library/PrivateFrameworks/Heimdal.framework/Versions/A/Heimdal
0x000000005d2b9000 	/usr/lib/libheimdal-asn1.dylib
0x000000005d2b9000 	/System/Library/Frameworks/OpenDirectory.framework/Versions/A/OpenDirectory
0x000000005d2b9000 	/System/Library/PrivateFrameworks/CommonAuth.framework/Versions/A/CommonAuth
0x000000005d2b9000 	/System/Library/Frameworks/OpenDirectory.framework/Versions/A/Frameworks/CFOpenDirectory.framework/Versions/A/CFOpenDirectory
0x000000005d2b9000 	/System/Library/Frameworks/SecurityFoundation.framework/Versions/A/SecurityFoundation
0x000000005d2b9000 	/System/Library/PrivateFrameworks/LanguageModeling.framework/Versions/A/LanguageModeling
0x000000005d2b9000 	/usr/lib/libmarisa.dylib
0x000000005d2b9000 	/usr/lib/libChineseTokenizer.dylib
0x000000005d2b9000 	/usr/lib/libcmph.dylib
0x000000005d2b9000 	/System/Library/PrivateFrameworks/CoreEmoji.framework/Versions/A/CoreEmoji
0x000000005d2b9000 	/System/Library/Frameworks/ServiceManagement.framework/Versions/A/ServiceManagement
0x000000005d2b9000 	/usr/lib/libxslt.1.dylib
0x000000005d2b9000 	/System/Library/Frameworks/Carbon.framework/Versions/A/Frameworks/Ink.framework/Versions/A/Ink
0x000000005d2b9000 	/System/Library/PrivateFrameworks/TextureIO.framework/Versions/A/TextureIO
0x000000005d2b9000 	/System/Library/Frameworks/Metal.framework/Versions/A/Metal
0x000000005d2b9000 	/usr/lib/libate.dylib
0x000000005d2b9000 	/System/Library/PrivateFrameworks/GPUCompiler.framework/libmetal_timestamp.dylib
0x000000005d2b9000 	/System/Library/Frameworks/OpenGL.framework/Versions/A/Libraries/libCoreFSCache.dylib
0x000000005d2b9000 	/System/Library/PrivateFrameworks/IOAccelerator.framework/Versions/A/IOAccelerator
0x000000005d2b9000 	/System/Library/Frameworks/CoreVideo.framework/Versions/A/CoreVideo
0x000000005d2b9000 	/usr/lib/libFosl_dynamic.dylib
0x000000005d2b9000 	/System/Library/PrivateFrameworks/MetalPerformanceShaders.framework/Versions/A/MetalPerformanceShaders
0x000000005d2b9000 	/System/Library/PrivateFrameworks/FaceCore.framework/Versions/A/FaceCore
0x000000005d2b9000 	/System/Library/Frameworks/OpenCL.framework/Versions/A/OpenCL
0x000000005d2b9000 	/System/Library/Frameworks/OpenGL.framework/Versions/A/Libraries/libGLU.dylib
0x000000005d2b9000 	/System/Library/Frameworks/OpenGL.framework/Versions/A/Libraries/libGFXShared.dylib
0x000000005d2b9000 	/System/Library/Frameworks/OpenGL.framework/Versions/A/Libraries/libGL.dylib
0x000000005d2b9000 	/System/Library/Frameworks/OpenGL.framework/Versions/A/Libraries/libGLImage.dylib
0x000000005d2b9000 	/System/Library/Frameworks/OpenGL.framework/Versions/A/Libraries/libCVMSPluginSupport.dylib
0x000000005d2b9000 	/System/Library/Frameworks/OpenGL.framework/Versions/A/Libraries/libCoreVMClient.dylib
0x000000005d2b9000 	/System/Library/PrivateFrameworks/CrashReporterSupport.framework/Versions/A/CrashReporterSupport
0x000000005d2b9000 	/System/Library/PrivateFrameworks/Sharing.framework/Versions/A/Sharing
0x000000005d2b9000 	/System/Library/PrivateFrameworks/IconServices.framework/Versions/A/IconServices
0x000000005d2b9000 	/System/Library/PrivateFrameworks/ProtocolBuffer.framework/Versions/A/ProtocolBuffer
0x000000005d2b9000 	/System/Library/PrivateFrameworks/Apple80211.framework/Versions/A/Apple80211
0x000000005d2b9000 	/System/Library/Frameworks/CoreWLAN.framework/Versions/A/CoreWLAN
0x000000005d2b9000 	/System/Library/PrivateFrameworks/CoreUtils.framework/Versions/A/CoreUtils
0x000000005d2b9000 	/System/Library/Frameworks/IOBluetooth.framework/Versions/A/IOBluetooth
0x000000005d2b9000 	/System/Library/PrivateFrameworks/CoreWiFi.framework/Versions/A/CoreWiFi
0x000000005d2b9000 	/System/Library/Frameworks/CoreBluetooth.framework/Versions/A/CoreBluetooth
0x000000005d2b9000 	/System/Library/Frameworks/CoreDisplay.framework/Versions/A/CoreDisplay
0x000000005d2b9000 	/System/Library/PrivateFrameworks/IOPresentment.framework/Versions/A/IOPresentment
0x000000005d2b9000 	/System/Library/PrivateFrameworks/DSExternalDisplay.framework/Versions/A/DSExternalDisplay
0x000000005d2b9000 	/System/Library/PrivateFrameworks/DebugSymbols.framework/Versions/A/DebugSymbols
0x000000005d2b9000 	/System/Library/PrivateFrameworks/CoreSymbolication.framework/Versions/A/CoreSymbolication
0x000000005d2b9000 	/System/Library/PrivateFrameworks/Symbolication.framework/Versions/A/Symbolication
0x000000005d2b9000 	/System/Library/PrivateFrameworks/AppleFSCompression.framework/Versions/A/AppleFSCompression
0x000000005d2b9000 	/System/Library/PrivateFrameworks/SpeechRecognitionCore.framework/Versions/A/SpeechRecognitionCore
0x000000005d2b9000 	/System/Library/PrivateFrameworks/ChunkingLibrary.framework/Versions/A/ChunkingLibrary
0x0000000101400000 	/Library/Java/JavaVirtualMachines/jdk1.8.0_92.jdk/Contents/Home/jre/lib/server/libjvm.dylib
0x000000005d2b9000 	/usr/lib/libstdc++.6.dylib
0x000000010021c000 	/Library/Java/JavaVirtualMachines/jdk1.8.0_92.jdk/Contents/Home/jre/lib/libverify.dylib
0x000000010022a000 	/Library/Java/JavaVirtualMachines/jdk1.8.0_92.jdk/Contents/Home/jre/lib/libjava.dylib
0x0000000100260000 	/Library/Java/JavaVirtualMachines/jdk1.8.0_92.jdk/Contents/Home/jre/lib/libinstrument.dylib
0x00000001002be000 	/Library/Java/JavaVirtualMachines/jdk1.8.0_92.jdk/Contents/Home/jre/lib/libzip.dylib
0x000000010b997000 	/System/Library/Frameworks/JavaVM.framework/Frameworks/JavaRuntimeSupport.framework/JavaRuntimeSupport
0x00000001003e9000 	/System/Library/Frameworks/JavaVM.framework/Versions/A/Frameworks/JavaNativeFoundation.framework/Versions/A/JavaNativeFoundation
0x000000010b9b1000 	/System/Library/Frameworks/JavaVM.framework/Versions/A/JavaVM
0x000000005d2b9000 	/System/Library/Frameworks/Carbon.framework/Versions/A/Carbon
0x000000010b9be000 	/System/Library/PrivateFrameworks/JavaLaunching.framework/Versions/A/JavaLaunching
0x000000005d2b9000 	/System/Library/Frameworks/Carbon.framework/Versions/A/Frameworks/CommonPanels.framework/Versions/A/CommonPanels
0x000000005d2b9000 	/System/Library/Frameworks/Carbon.framework/Versions/A/Frameworks/Help.framework/Versions/A/Help
0x000000005d2b9000 	/System/Library/Frameworks/Carbon.framework/Versions/A/Frameworks/ImageCapture.framework/Versions/A/ImageCapture
0x000000005d2b9000 	/System/Library/Frameworks/Carbon.framework/Versions/A/Frameworks/OpenScripting.framework/Versions/A/OpenScripting
0x000000005d2b9000 	/System/Library/Frameworks/Carbon.framework/Versions/A/Frameworks/Print.framework/Versions/A/Print
0x000000005d2b9000 	/System/Library/Frameworks/Carbon.framework/Versions/A/Frameworks/SecurityHI.framework/Versions/A/SecurityHI
0x000000010ba1b000 	/Library/Java/JavaVirtualMachines/jdk1.8.0_92.jdk/Contents/Home/jre/lib/libnet.dylib
0x00000001452b5000 	/Users/alessandrozonta/.javacpp/cache/nd4j-native-0.9.1-macosx-x86_64.jar/org/nd4j/nativeblas/macosx-x86_64/libnd4jcpu.dylib
0x000000014593c000 	/Users/alessandrozonta/.javacpp/cache/nd4j-native-0.9.1-macosx-x86_64.jar/org/nd4j/nativeblas/macosx-x86_64/libjnind4jcpu.dylib
0x0000000145a7e000 	/Library/Java/JavaVirtualMachines/jdk1.8.0_92.jdk/Contents/Home/jre/lib/libnio.dylib
0x0000000146544000 	/Users/alessandrozonta/.javacpp/cache/openblas-0.2.19-1.3-macosx-x86_64.jar/org/bytedeco/javacpp/macosx-x86_64/libopenblas.dylib
0x00000001515be000 	/Users/alessandrozonta/.javacpp/cache/openblas-0.2.19-1.3-macosx-x86_64.jar/org/bytedeco/javacpp/macosx-x86_64/libjniopenblas.dylib

VM Arguments:
jvm_args: -ea -Djava.util.logging.SimpleFormatter.format=%1$tY-%1$tm-%1$td %1$tH:%1$tM:%1$tS %4$-6s %2$s %5$s%6$s%n -Xmx20480m -Xss4086k -Didea.test.cyclic.buffer.size=1048576 -javaagent:/Applications/IntelliJ IDEA.app/Contents/lib/idea_rt.jar=60127:/Applications/IntelliJ IDEA.app/Contents/bin -Dfile.encoding=UTF-8 
java_command: com.intellij.rt.execution.junit.JUnitStarter -ideVersion5 tgcfs.Networks.ConvolutionaryTest,test
java_class_path (initial): /Applications/IntelliJ IDEA.app/Contents/lib/idea_rt.jar:/Applications/IntelliJ IDEA.app/Contents/plugins/junit/lib/junit-rt.jar:/Library/Java/JavaVirtualMachines/jdk1.8.0_92.jdk/Contents/Home/jre/lib/charsets.jar:/Library/Java/JavaVirtualMachines/jdk1.8.0_92.jdk/Contents/Home/jre/lib/deploy.jar:/Library/Java/JavaVirtualMachines/jdk1.8.0_92.jdk/Contents/Home/jre/lib/ext/cldrdata.jar:/Library/Java/JavaVirtualMachines/jdk1.8.0_92.jdk/Contents/Home/jre/lib/ext/dnsns.jar:/Library/Java/JavaVirtualMachines/jdk1.8.0_92.jdk/Contents/Home/jre/lib/ext/jaccess.jar:/Library/Java/JavaVirtualMachines/jdk1.8.0_92.jdk/Contents/Home/jre/lib/ext/jfxrt.jar:/Library/Java/JavaVirtualMachines/jdk1.8.0_92.jdk/Contents/Home/jre/lib/ext/localedata.jar:/Library/Java/JavaVirtualMachines/jdk1.8.0_92.jdk/Contents/Home/jre/lib/ext/nashorn.jar:/Library/Java/JavaVirtualMachines/jdk1.8.0_92.jdk/Contents/Home/jre/lib/ext/sunec.jar:/Library/Java/JavaVirtualMachines/jdk1.8.0_92.jdk/Contents/Home/jre/lib/ext/sunjce_provider.jar:/Library/Java/JavaVirtualMachines/jdk1.8.0_92.jdk/Contents/Home/jre/lib/ext/sunpkcs11.jar:/Library/Java/JavaVirtualMachines/jdk1.8.0_92.jdk/Contents/Home/jre/lib/ext/zipfs.jar:/Library/Java/JavaVirtualMachines/jdk1.8.0_92.jdk/Contents/Home/jre/lib/javaws.jar:/Library/Java/JavaVirtualMachines/jdk1.8.0_92.jdk/Contents/Home/jre/lib/jce.jar:/Library/Java/JavaVirtualMachines/jdk1.8.0_92.jdk/Contents/Home/jre/lib/jfr.jar:/Library/Java/JavaVirtualMachines/jdk1.8.0_92.jdk/Contents/Home/jre/lib/jfxswt.jar:/Library/Java/JavaVirtualMachines/jdk1.8.0_92.jdk/Contents/Home/jre/lib/jsse.jar:/Library/Java/JavaVirtualMachines/jdk1.8.0_92.jdk/Contents/Home/jre/lib/management-agent.jar:/Library/Java/JavaVirtualMachines/jdk1.8.0_92.jdk/Contents/Home/jre/lib/plugin.jar:/Library/Java/JavaVirtualMachines/jdk1.8.0_92.jdk/Contents/Home/jre/lib/resources.jar:/Library/Java/JavaVirtualMachines/jdk1.8.0_92.jdk/Contents/Home/jre/lib/rt.jar:/Library/Java/JavaVirtualMachines/jdk1.8
Launcher Type: SUN_STANDARD

Environment Variables:
PATH=/usr/local/sbin:/usr/local/sbin:/usr/local/bin:/usr/bin:/bin:/usr/sbin:/sbin:/usr/local/munki:/Library/TeX/texbin
SHELL=/bin/bash

Signal Handlers:
SIGSEGV: [libjvm.dylib+0x5aa779], sa_mask[0]=11111111011111110111111111111111, sa_flags=SA_ONSTACK|SA_RESTART|SA_SIGINFO
SIGBUS: [libjvm.dylib+0x5aa779], sa_mask[0]=11111111011111110111111111111111, sa_flags=SA_RESTART|SA_SIGINFO
SIGFPE: [libjvm.dylib+0x4831d0], sa_mask[0]=11111111011111110111111111111111, sa_flags=SA_RESTART|SA_SIGINFO
SIGPIPE: [libjvm.dylib+0x4831d0], sa_mask[0]=11111111011111110111111111111111, sa_flags=SA_RESTART|SA_SIGINFO
SIGXFSZ: [libjvm.dylib+0x4831d0], sa_mask[0]=11111111011111110111111111111111, sa_flags=SA_RESTART|SA_SIGINFO
SIGILL: [libjvm.dylib+0x4831d0], sa_mask[0]=11111111011111110111111111111111, sa_flags=SA_RESTART|SA_SIGINFO
SIGUSR1: SIG_DFL, sa_mask[0]=00000000000000000000000000000000, sa_flags=none
SIGUSR2: [libjvm.dylib+0x482cee], sa_mask[0]=00100000000000000000000000000000, sa_flags=SA_RESTART|SA_SIGINFO
SIGHUP: [libjvm.dylib+0x4812c5], sa_mask[0]=11111111011111110111111111111111, sa_flags=SA_RESTART|SA_SIGINFO
SIGINT: [libjvm.dylib+0x4812c5], sa_mask[0]=11111111011111110111111111111111, sa_flags=SA_RESTART|SA_SIGINFO
SIGTERM: [libjvm.dylib+0x4812c5], sa_mask[0]=11111111011111110111111111111111, sa_flags=SA_RESTART|SA_SIGINFO
SIGQUIT: [libjvm.dylib+0x4812c5], sa_mask[0]=11111111011111110111111111111111, sa_flags=SA_RESTART|SA_SIGINFO


---------------  S Y S T E M  ---------------

OS:Bsduname:Darwin 16.6.0 Darwin Kernel Version 16.6.0: Fri Apr 14 16:21:16 PDT 2017; root:xnu-3789.60.24~6/RELEASE_X86_64 x86_64
rlimit: STACK 8192k, CORE 0k, NPROC 709, NOFILE 10240, AS infinity
load average:10.13 4.66 2.98

CPU:total 8 (4 cores per cpu, 2 threads per core) family 6 model 70 stepping 1, cmov, cx8, fxsr, mmx, sse, sse2, sse3, ssse3, sse4.1, sse4.2, popcnt, avx, avx2, aes, clmul, erms, lzcnt, ht, tsc, tscinvbit, bmi1, bmi2

Memory: 4k page, physical 16777216k(821368k free)

/proc/meminfo:


vm_info: Java HotSpot(TM) 64-Bit Server VM (25.92-b14) for bsd-amd64 JRE (1.8.0_92-b14), built on Mar 31 2016 21:23:14 by "java_re" with gcc 4.2.1 (Based on Apple Inc. build 5658) (LLVM build 2336.11.00)

time: Wed Aug 23 09:50:46 2017
elapsed time: 1 seconds (0d 0h 0m 1s)

