#
# A fatal error has been detected by the Java Runtime Environment:
#
#  SIGBUS (0xa) at pc=0x000000014c92410f, pid=24715, tid=0x0000000000001c03
#
# JRE version: Java(TM) SE Runtime Environment (8.0_92-b14) (build 1.8.0_92-b14)
# Java VM: Java HotSpot(TM) 64-Bit Server VM (25.92-b14 mixed mode bsd-amd64 compressed oops)
# Problematic frame:
# C  [libopenblas.dylib+0x24d10f]  gemm_driver.constprop.0+0x2cf
#
# Failed to write core dump. Core dumps have been disabled. To enable core dumping, try "ulimit -c unlimited" before starting Java again
#
# If you would like to submit a bug report, please visit:
#   http://bugreport.java.com/bugreport/crash.jsp
# The crash happened outside the Java Virtual Machine in native code.
# See problematic frame for where to report the bug.
#

---------------  T H R E A D  ---------------

Current thread (0x00007f821b002800):  JavaThread "main" [_thread_in_native, id=7171, stack(0x000070000a413000,0x000070000a493000)]

siginfo: si_signo: 10 (SIGBUS), si_code: 2 (BUS_ADRERR), si_addr: 0x000070000a412de0

Registers:
RAX=0x0000000000002000, RBX=0x0000000000000004, RCX=0x0000000000000040, RDX=0x0000000000000001
RSP=0x000070000a40d940, RBP=0x000070000a491020, RSI=0x0000000000000001, RDI=0x0000000000000000
R8 =0x0000000000000080, R9 =0x000000015139dcc0, R10=0x000070000a40dbd0, R11=0x0000000000000003
R12=0x0000000000000000, R13=0x0000000000000004, R14=0x0000000000000080, R15=0x000070000a40dde0
RIP=0x000000014c92410f, EFLAGS=0x0000000000010293, ERR=0x0000000000000006
  TRAPNO=0x000000000000000e

Top of Stack: (sp=0x000070000a40d940)
0x000070000a40d940:   00007f821b1f8a00 000000014c207c00
0x000070000a40d950:   00007f821e330400 0000000000000000
0x000070000a40d960:   000070000a490e3c 000070000a490e38
0x000070000a40d970:   0000000000000040 0000000000000080
0x000070000a40d980:   0000000000000100 0000000000000100
0x000070000a40d990:   0000000000000100 0000000000000040
0x000070000a40d9a0:   0000000000000000 000070000a410de0
0x000070000a40d9b0:   0000000000000004 0000000000000000
0x000070000a40d9c0:   0000000000000000 0000000000000010
0x000070000a40d9d0:   0000000000000020 0000000000000030
0x000070000a40d9e0:   0000000000000040 0000000000000000
0x000070000a40d9f0:   0000000000000000 0000000000000000
0x000070000a40da00:   0000000000000000 0000000000000000
0x000070000a40da10:   0000000000000000 0000000000000000
0x000070000a40da20:   0000000000000000 0000000000000000
0x000070000a40da30:   0000000000000000 0000000000000000
0x000070000a40da40:   0000000000000000 0000000000000000
0x000070000a40da50:   0000000000000000 0000000000000000
0x000070000a40da60:   0000000000000000 0000000000000000
0x000070000a40da70:   0000000000000000 0000000000000000
0x000070000a40da80:   0000000000000000 0000000000000000
0x000070000a40da90:   0000000000000000 0000000000000000
0x000070000a40daa0:   0000000000000000 0000000000000000
0x000070000a40dab0:   0000000000000000 0000000000000000
0x000070000a40dac0:   0000000000000000 0000000000000000
0x000070000a40dad0:   0000000000000000 0000000000000000
0x000070000a40dae0:   0000000000000000 0000000000000000
0x000070000a40daf0:   0000000000000000 0000000000000000
0x000070000a40db00:   0000000000000000 0000000000000000
0x000070000a40db10:   0000000000000000 0000000000000000
0x000070000a40db20:   0000000000000000 0000000000000000
0x000070000a40db30:   0000000000000000 0000000000000000 

Instructions: (pc=0x000000014c92410f)
0x000000014c9240ef:   90 48 89 f1 31 d2 48 c1 e1 06 0f 1f 80 00 00 00
0x000000014c9240ff:   00 48 8d 04 11 48 83 c2 01 48 c1 e0 07 48 39 da
0x000000014c92410f:   48 c7 84 04 a0 34 00 00 00 00 00 00 48 c7 84 04
0x000000014c92411f:   e0 34 00 00 00 00 00 00 75 d7 48 83 c6 01 48 39 

Register to memory mapping:

RAX=0x0000000000002000 is an unknown value
RBX=0x0000000000000004 is an unknown value
RCX=0x0000000000000040 is an unknown value
RDX=0x0000000000000001 is an unknown value
RSP=0x000070000a40d940 is an unknown value
RBP=0x000070000a491020 is pointing into the stack for thread: 0x00007f821b002800
RSI=0x0000000000000001 is an unknown value
RDI=0x0000000000000000 is an unknown value
R8 =0x0000000000000080 is an unknown value
R9 =0x000000015139dcc0: blas_quick_divide_table+0 in /Users/alessandrozonta/.javacpp/cache/openblas-0.2.19-1.3-macosx-x86_64.jar/org/bytedeco/javacpp/macosx-x86_64/libopenblas.dylib at 0x000000014c6d7000
R10=0x000070000a40dbd0 is an unknown value
R11=0x0000000000000003 is an unknown value
R12=0x0000000000000000 is an unknown value
R13=0x0000000000000004 is an unknown value
R14=0x0000000000000080 is an unknown value
R15=0x000070000a40dde0 is an unknown value


Stack: [0x000070000a413000,0x000070000a493000],  sp=0x000070000a40d940,  free space=18014398509481962k
Native frames: (J=compiled Java code, j=interpreted, Vv=VM code, C=native code)
C  [libopenblas.dylib+0x24d10f]  gemm_driver.constprop.0+0x2cf
C  0x000000014c0c8f40

Java frames: (J=compiled Java code, j=interpreted, Vv=VM code)
j  org.bytedeco.javacpp.openblas.cblas_sgemm(IIIIIIFLorg/bytedeco/javacpp/FloatPointer;ILorg/bytedeco/javacpp/FloatPointer;IFLorg/bytedeco/javacpp/FloatPointer;I)V+0
j  org.nd4j.linalg.cpu.nativecpu.blas.CpuLevel3.sgemm(CCCIIIFLorg/nd4j/linalg/api/ndarray/INDArray;ILorg/nd4j/linalg/api/ndarray/INDArray;IFLorg/nd4j/linalg/api/ndarray/INDArray;I)V+80
j  org.nd4j.linalg.api.blas.impl.BaseLevel3.gemm(CCCDLorg/nd4j/linalg/api/ndarray/INDArray;Lorg/nd4j/linalg/api/ndarray/INDArray;DLorg/nd4j/linalg/api/ndarray/INDArray;)V+280
j  org.nd4j.linalg.api.ndarray.BaseNDArray.mmuli(Lorg/nd4j/linalg/api/ndarray/INDArray;Lorg/nd4j/linalg/api/ndarray/INDArray;)Lorg/nd4j/linalg/api/ndarray/INDArray;+307
j  org.nd4j.linalg.api.ndarray.BaseNDArray.mmul(Lorg/nd4j/linalg/api/ndarray/INDArray;)Lorg/nd4j/linalg/api/ndarray/INDArray;+53
j  org.deeplearning4j.nn.layers.convolution.ConvolutionLayer.preOutput(ZZ)Lorg/nd4j/linalg/primitives/Pair;+1027
j  org.deeplearning4j.nn.layers.convolution.ConvolutionLayer.preOutput(Z)Lorg/nd4j/linalg/api/ndarray/INDArray;+3
j  org.deeplearning4j.nn.layers.convolution.ConvolutionLayer.activate(Z)Lorg/nd4j/linalg/api/ndarray/INDArray;+58
j  org.deeplearning4j.nn.graph.vertex.impl.LayerVertex.doForward(Z)Lorg/nd4j/linalg/api/ndarray/INDArray;+22
j  org.deeplearning4j.nn.graph.ComputationGraph.feedForward(ZZZZ)Ljava/util/Map;+489
j  org.deeplearning4j.nn.graph.ComputationGraph.feedForward(Z)Ljava/util/Map;+5
j  org.deeplearning4j.nn.graph.ComputationGraph.feedForward([Lorg/nd4j/linalg/api/ndarray/INDArray;Z)Ljava/util/Map;+81
j  tgcfs.Networks.Convolutionary.computeOutput([Lorg/nd4j/linalg/api/ndarray/INDArray;)Lorg/nd4j/linalg/api/ndarray/INDArray;+11
j  tgcfs.Networks.ConvolutionaryTest.computeOutput1()V+68
v  ~StubRoutines::call_stub
j  sun.reflect.NativeMethodAccessorImpl.invoke0(Ljava/lang/reflect/Method;Ljava/lang/Object;[Ljava/lang/Object;)Ljava/lang/Object;+0
j  sun.reflect.NativeMethodAccessorImpl.invoke(Ljava/lang/Object;[Ljava/lang/Object;)Ljava/lang/Object;+100
j  sun.reflect.DelegatingMethodAccessorImpl.invoke(Ljava/lang/Object;[Ljava/lang/Object;)Ljava/lang/Object;+6
j  java.lang.reflect.Method.invoke(Ljava/lang/Object;[Ljava/lang/Object;)Ljava/lang/Object;+56
j  org.junit.runners.model.FrameworkMethod$1.runReflectiveCall()Ljava/lang/Object;+15
j  org.junit.internal.runners.model.ReflectiveCallable.run()Ljava/lang/Object;+1
j  org.junit.runners.model.FrameworkMethod.invokeExplosively(Ljava/lang/Object;[Ljava/lang/Object;)Ljava/lang/Object;+10
j  org.junit.internal.runners.statements.InvokeMethod.evaluate()V+12
j  org.junit.runners.ParentRunner.runLeaf(Lorg/junit/runners/model/Statement;Lorg/junit/runner/Description;Lorg/junit/runner/notification/RunNotifier;)V+17
j  org.junit.runners.BlockJUnit4ClassRunner.runChild(Lorg/junit/runners/model/FrameworkMethod;Lorg/junit/runner/notification/RunNotifier;)V+30
j  org.junit.runners.BlockJUnit4ClassRunner.runChild(Ljava/lang/Object;Lorg/junit/runner/notification/RunNotifier;)V+6
j  org.junit.runners.ParentRunner$3.run()V+12
j  org.junit.runners.ParentRunner$1.schedule(Ljava/lang/Runnable;)V+1
j  org.junit.runners.ParentRunner.runChildren(Lorg/junit/runner/notification/RunNotifier;)V+44
j  org.junit.runners.ParentRunner.access$000(Lorg/junit/runners/ParentRunner;Lorg/junit/runner/notification/RunNotifier;)V+2
j  org.junit.runners.ParentRunner$2.evaluate()V+8
j  org.junit.runners.ParentRunner.run(Lorg/junit/runner/notification/RunNotifier;)V+20
j  org.junit.runner.JUnitCore.run(Lorg/junit/runner/Runner;)Lorg/junit/runner/Result;+37
j  com.intellij.junit4.JUnit4IdeaTestRunner.startRunnerWithArgs([Ljava/lang/String;Ljava/lang/String;IZ)I+146
j  com.intellij.rt.execution.junit.IdeaTestRunner$Repeater.startRunnerWithArgs(Lcom/intellij/rt/execution/junit/IdeaTestRunner;[Ljava/lang/String;Ljava/util/ArrayList;Ljava/lang/String;IZ)I+20
j  com.intellij.rt.execution.junit.JUnitStarter.prepareStreamsAndStart([Ljava/lang/String;Ljava/lang/String;Ljava/util/ArrayList;Ljava/lang/String;)I+116
j  com.intellij.rt.execution.junit.JUnitStarter.main([Ljava/lang/String;)V+116
v  ~StubRoutines::call_stub

---------------  P R O C E S S  ---------------

Java Threads: ( => current thread )
  0x00007f821e38c000 JavaThread "NativeRandomDeallocator thread 0" daemon [_thread_blocked, id=24579, stack(0x000070000d050000,0x000070000d44e000)]
  0x00007f821e37b800 JavaThread "JavaCPP Deallocator" daemon [_thread_blocked, id=23299, stack(0x000070000cac6000,0x000070000cec4000)]
  0x00007f821e975000 JavaThread "Workspace deallocator thread" daemon [_thread_blocked, id=22787, stack(0x000070000c6c5000,0x000070000cac3000)]
  0x00007f821e825800 JavaThread "Service Thread" daemon [_thread_blocked, id=21763, stack(0x000070000c1c1000,0x000070000c5bf000)]
  0x00007f821b81a800 JavaThread "C1 CompilerThread3" daemon [_thread_blocked, id=21251, stack(0x000070000c0be000,0x000070000c1be000)]
  0x00007f821b81a000 JavaThread "C2 CompilerThread2" daemon [_thread_blocked, id=20739, stack(0x000070000bfbb000,0x000070000c0bb000)]
  0x00007f821b819000 JavaThread "C2 CompilerThread1" daemon [_thread_blocked, id=20227, stack(0x000070000beb8000,0x000070000bfb8000)]
  0x00007f821d011800 JavaThread "C2 CompilerThread0" daemon [_thread_blocked, id=19715, stack(0x000070000bdb5000,0x000070000beb5000)]
  0x00007f821d010000 JavaThread "Monitor Ctrl-Break" daemon [_thread_in_native, id=19203, stack(0x000070000b9b4000,0x000070000bdb2000)]
  0x00007f821e003000 JavaThread "Signal Dispatcher" daemon [_thread_blocked, id=18691, stack(0x000070000b5b3000,0x000070000b9b1000)]
  0x00007f821d812000 JavaThread "Finalizer" daemon [_thread_blocked, id=14595, stack(0x000070000b1b2000,0x000070000b5b0000)]
  0x00007f821b01a000 JavaThread "Reference Handler" daemon [_thread_blocked, id=14083, stack(0x000070000adb1000,0x000070000b1af000)]
=>0x00007f821b002800 JavaThread "main" [_thread_in_native, id=7171, stack(0x000070000a413000,0x000070000a493000)]

Other Threads:
  0x00007f821d811800 VMThread [stack: 0x000070000acae000,0x000070000adae000] [id=13571]
  0x00007f821c840800 WatcherThread [stack: 0x000070000c5c2000,0x000070000c6c2000] [id=22275]

VM state:not at safepoint (normal execution)

VM Mutex/Monitor currently owned by a thread: None

Heap:
 PSYoungGen      total 1100800K, used 31799K [0x0000000615580000, 0x0000000682800000, 0x00000007c0000000)
  eden space 1022976K, 3% used [0x0000000615580000,0x000000061748dd88,0x0000000653c80000)
  from space 77824K, 0% used [0x0000000653c80000,0x0000000653c80000,0x0000000658880000)
  to   space 75776K, 0% used [0x000000067de00000,0x000000067de00000,0x0000000682800000)
 ParOldGen       total 119808K, used 22304K [0x00000002c0000000, 0x00000002c7500000, 0x0000000615580000)
  object space 119808K, 18% used [0x00000002c0000000,0x00000002c15c8268,0x00000002c7500000)
 Metaspace       used 21410K, capacity 21594K, committed 21808K, reserved 1069056K
  class space    used 2095K, capacity 2162K, committed 2176K, reserved 1048576K

Card table byte_map: [0x0000000108757000,0x000000010af58000] byte_map_base: 0x0000000107157000

Marking Bits: (ParMarkBitMap*) 0x0000000107ce8bd0
 Begin Bits: [0x0000000123d60000, 0x0000000137d60000)
 End Bits:   [0x0000000137d60000, 0x000000014bd60000)

Polling page: 0x00000001062c4000

CodeCache: size=245760Kb used=6330Kb max_used=6330Kb free=239429Kb
 bounds [0x0000000114d60000, 0x00000001153a0000, 0x0000000123d60000]
 total_blobs=2614 nmethods=1560 adapters=968
 compilation: enabled

Compilation events (10 events):
Event: 6.432 Thread 0x00007f821b81a800 1564       3       org.nd4j.linalg.api.shape.Shape::shapeInfoLength (6 bytes)
Event: 6.432 Thread 0x00007f821b81a800 nmethod 1564 0x0000000115391310 code [0x0000000115391460, 0x0000000115391590]
Event: 6.437 Thread 0x00007f821b81a800 1565       1       org.nd4j.linalg.api.buffer.IntBuffer::initTypeAndSize (13 bytes)
Event: 6.437 Thread 0x00007f821b81a800 nmethod 1565 0x0000000115391610 code [0x0000000115391760, 0x0000000115391890]
Event: 6.437 Thread 0x00007f821b81a800 1566       1       org.nd4j.linalg.primitives.Pair::getFirst (5 bytes)
Event: 6.437 Thread 0x00007f821b81a800 nmethod 1566 0x0000000115391910 code [0x0000000115391a60, 0x0000000115391b70]
Event: 6.437 Thread 0x00007f821b81a800 1567       3       org.bytedeco.javacpp.Pointer::position (5 bytes)
Event: 6.437 Thread 0x00007f821b81a800 nmethod 1567 0x0000000115391bd0 code [0x0000000115391d20, 0x0000000115391e70]
Event: 6.438 Thread 0x00007f821b81a800 1569       3       java.lang.Float::floatToIntBits (26 bytes)
Event: 6.439 Thread 0x00007f821b81a800 nmethod 1569 0x0000000115392290 code [0x0000000115392400, 0x00000001153925d0]

GC Heap History (10 events):
Event: 3.990 GC heap before
{Heap before GC invocations=6 (full 0):
 PSYoungGen      total 272896K, used 272889K [0x0000000615580000, 0x000000063ac80000, 0x00000007c0000000)
  eden space 262144K, 100% used [0x0000000615580000,0x0000000625580000,0x0000000625580000)
  from space 10752K, 99% used [0x0000000625580000,0x0000000625ffe760,0x0000000626000000)
  to   space 44544K, 0% used [0x0000000638100000,0x0000000638100000,0x000000063ac80000)
 ParOldGen       total 175104K, used 68786K [0x00000002c0000000, 0x00000002cab00000, 0x0000000615580000)
  object space 175104K, 39% used [0x00000002c0000000,0x00000002c432cb20,0x00000002cab00000)
 Metaspace       used 17492K, capacity 17672K, committed 17920K, reserved 1064960K
  class space    used 1692K, capacity 1775K, committed 1792K, reserved 1048576K
Event: 4.019 GC heap after
Heap after GC invocations=6 (full 0):
 PSYoungGen      total 563200K, used 40351K [0x0000000615580000, 0x000000063b780000, 0x00000007c0000000)
  eden space 518656K, 0% used [0x0000000615580000,0x0000000615580000,0x0000000635000000)
  from space 44544K, 90% used [0x0000000638100000,0x000000063a867cb8,0x000000063ac80000)
  to   space 50176K, 0% used [0x0000000635000000,0x0000000635000000,0x0000000638100000)
 ParOldGen       total 175104K, used 68786K [0x00000002c0000000, 0x00000002cab00000, 0x0000000615580000)
  object space 175104K, 39% used [0x00000002c0000000,0x00000002c432cb20,0x00000002cab00000)
 Metaspace       used 17492K, capacity 17672K, committed 17920K, reserved 1064960K
  class space    used 1692K, capacity 1775K, committed 1792K, reserved 1048576K
}
Event: 4.916 GC heap before
{Heap before GC invocations=7 (full 0):
 PSYoungGen      total 563200K, used 559007K [0x0000000615580000, 0x000000063b780000, 0x00000007c0000000)
  eden space 518656K, 100% used [0x0000000615580000,0x0000000635000000,0x0000000635000000)
  from space 44544K, 90% used [0x0000000638100000,0x000000063a867cb8,0x000000063ac80000)
  to   space 50176K, 0% used [0x0000000635000000,0x0000000635000000,0x0000000638100000)
 ParOldGen       total 175104K, used 68786K [0x00000002c0000000, 0x00000002cab00000, 0x0000000615580000)
  object space 175104K, 39% used [0x00000002c0000000,0x00000002c432cb20,0x00000002cab00000)
 Metaspace       used 17514K, capacity 17672K, committed 17920K, reserved 1064960K
  class space    used 1692K, capacity 1775K, committed 1792K, reserved 1048576K
Event: 4.967 GC heap after
Heap after GC invocations=7 (full 0):
 PSYoungGen      total 568832K, used 50171K [0x0000000615580000, 0x000000065c680000, 0x00000007c0000000)
  eden space 518656K, 0% used [0x0000000615580000,0x0000000615580000,0x0000000635000000)
  from space 50176K, 99% used [0x0000000635000000,0x00000006380fecc0,0x0000000638100000)
  to   space 63488K, 0% used [0x0000000658880000,0x0000000658880000,0x000000065c680000)
 ParOldGen       total 175104K, used 78641K [0x00000002c0000000, 0x00000002cab00000, 0x0000000615580000)
  object space 175104K, 44% used [0x00000002c0000000,0x00000002c4ccc640,0x00000002cab00000)
 Metaspace       used 17514K, capacity 17672K, committed 17920K, reserved 1064960K
  class space    used 1692K, capacity 1775K, committed 1792K, reserved 1048576K
}
Event: 5.663 GC heap before
{Heap before GC invocations=8 (full 0):
 PSYoungGen      total 568832K, used 568827K [0x0000000615580000, 0x000000065c680000, 0x00000007c0000000)
  eden space 518656K, 100% used [0x0000000615580000,0x0000000635000000,0x0000000635000000)
  from space 50176K, 99% used [0x0000000635000000,0x00000006380fecc0,0x0000000638100000)
  to   space 63488K, 0% used [0x0000000658880000,0x0000000658880000,0x000000065c680000)
 ParOldGen       total 175104K, used 78641K [0x00000002c0000000, 0x00000002cab00000, 0x0000000615580000)
  object space 175104K, 44% used [0x00000002c0000000,0x00000002c4ccc640,0x00000002cab00000)
 Metaspace       used 17525K, capacity 17672K, committed 17920K, reserved 1064960K
  class space    used 1692K, capacity 1775K, committed 1792K, reserved 1048576K
Event: 5.717 GC heap after
Heap after GC invocations=8 (full 0):
 PSYoungGen      total 1086464K, used 63472K [0x0000000615580000, 0x000000065e280000, 0x00000007c0000000)
  eden space 1022976K, 0% used [0x0000000615580000,0x0000000615580000,0x0000000653c80000)
  from space 63488K, 99% used [0x0000000658880000,0x000000065c67c318,0x000000065c680000)
  to   space 77824K, 0% used [0x0000000653c80000,0x0000000653c80000,0x0000000658880000)
 ParOldGen       total 175104K, used 88470K [0x00000002c0000000, 0x00000002cab00000, 0x0000000615580000)
  object space 175104K, 50% used [0x00000002c0000000,0x00000002c5665a58,0x00000002cab00000)
 Metaspace       used 17525K, capacity 17672K, committed 17920K, reserved 1064960K
  class space    used 1692K, capacity 1775K, committed 1792K, reserved 1048576K
}
Event: 6.292 GC heap before
{Heap before GC invocations=9 (full 0):
 PSYoungGen      total 1086464K, used 248136K [0x0000000615580000, 0x000000065e280000, 0x00000007c0000000)
  eden space 1022976K, 18% used [0x0000000615580000,0x00000006209d5d28,0x0000000653c80000)
  from space 63488K, 99% used [0x0000000658880000,0x000000065c67c318,0x000000065c680000)
  to   space 77824K, 0% used [0x0000000653c80000,0x0000000653c80000,0x0000000658880000)
 ParOldGen       total 175104K, used 88470K [0x00000002c0000000, 0x00000002cab00000, 0x0000000615580000)
  object space 175104K, 50% used [0x00000002c0000000,0x00000002c5665a58,0x00000002cab00000)
 Metaspace       used 21059K, capacity 21178K, committed 21296K, reserved 1069056K
  class space    used 2063K, capacity 2130K, committed 2176K, reserved 1048576K
Event: 6.310 GC heap after
Heap after GC invocations=9 (full 0):
 PSYoungGen      total 1100800K, used 24548K [0x0000000615580000, 0x0000000682800000, 0x00000007c0000000)
  eden space 1022976K, 0% used [0x0000000615580000,0x0000000615580000,0x0000000653c80000)
  from space 77824K, 31% used [0x0000000653c80000,0x0000000655479308,0x0000000658880000)
  to   space 75776K, 0% used [0x000000067de00000,0x000000067de00000,0x0000000682800000)
 ParOldGen       total 175104K, used 89550K [0x00000002c0000000, 0x00000002cab00000, 0x0000000615580000)
  object space 175104K, 51% used [0x00000002c0000000,0x00000002c5773a58,0x00000002cab00000)
 Metaspace       used 21059K, capacity 21178K, committed 21296K, reserved 1069056K
  class space    used 2063K, capacity 2130K, committed 2176K, reserved 1048576K
}
Event: 6.310 GC heap before
{Heap before GC invocations=10 (full 1):
 PSYoungGen      total 1100800K, used 24548K [0x0000000615580000, 0x0000000682800000, 0x00000007c0000000)
  eden space 1022976K, 0% used [0x0000000615580000,0x0000000615580000,0x0000000653c80000)
  from space 77824K, 31% used [0x0000000653c80000,0x0000000655479308,0x0000000658880000)
  to   space 75776K, 0% used [0x000000067de00000,0x000000067de00000,0x0000000682800000)
 ParOldGen       total 175104K, used 89550K [0x00000002c0000000, 0x00000002cab00000, 0x0000000615580000)
  object space 175104K, 51% used [0x00000002c0000000,0x00000002c5773a58,0x00000002cab00000)
 Metaspace       used 21059K, capacity 21178K, committed 21296K, reserved 1069056K
  class space    used 2063K, capacity 2130K, committed 2176K, reserved 1048576K
Event: 6.334 GC heap after
Heap after GC invocations=10 (full 1):
 PSYoungGen      total 1100800K, used 0K [0x0000000615580000, 0x0000000682800000, 0x00000007c0000000)
  eden space 1022976K, 0% used [0x0000000615580000,0x0000000615580000,0x0000000653c80000)
  from space 77824K, 0% used [0x0000000653c80000,0x0000000653c80000,0x0000000658880000)
  to   space 75776K, 0% used [0x000000067de00000,0x000000067de00000,0x0000000682800000)
 ParOldGen       total 119808K, used 22304K [0x00000002c0000000, 0x00000002c7500000, 0x0000000615580000)
  object space 119808K, 18% used [0x00000002c0000000,0x00000002c15c8268,0x00000002c7500000)
 Metaspace       used 21059K, capacity 21178K, committed 21296K, reserved 1069056K
  class space    used 2063K, capacity 2130K, committed 2176K, reserved 1048576K
}

Deoptimization events (10 events):
Event: 5.911 Thread 0x00007f821b002800 Uncommon trap: reason=class_check action=maybe_recompile pc=0x00000001152b80e8 method=org.reflections.vfs.ZipFile.openInputStream()Ljava/io/InputStream; @ 11
Event: 5.911 Thread 0x00007f821b002800 Uncommon trap: reason=class_check action=maybe_recompile pc=0x00000001152b80e8 method=org.reflections.vfs.ZipFile.openInputStream()Ljava/io/InputStream; @ 11
Event: 5.911 Thread 0x00007f821b002800 Uncommon trap: reason=class_check action=maybe_recompile pc=0x00000001152b80e8 method=org.reflections.vfs.ZipFile.openInputStream()Ljava/io/InputStream; @ 11
Event: 6.016 Thread 0x00007f821b002800 Uncommon trap: reason=unstable_if action=reinterpret pc=0x000000011533cabc method=org.nd4j.linalg.indexing.IntervalIndex.init(JJ)V @ 38
Event: 6.062 Thread 0x00007f821b002800 Uncommon trap: reason=unstable_if action=reinterpret pc=0x0000000115262330 method=java.io.BufferedInputStream.fill()V @ 219
Event: 6.062 Thread 0x00007f821b002800 Uncommon trap: reason=unstable_if action=reinterpret pc=0x00000001152fc994 method=java.io.BufferedInputStream.read([BII)I @ 56
Event: 6.151 Thread 0x00007f821b002800 Uncommon trap: reason=unstable_if action=reinterpret pc=0x0000000114fdf85c method=java.util.concurrent.ConcurrentHashMap.addCount(JI)V @ 121
Event: 6.335 Thread 0x00007f821d812000 Uncommon trap: reason=unstable_if action=reinterpret pc=0x000000011527ff14 method=java.lang.ref.Finalizer.remove()V @ 10
Event: 6.413 Thread 0x00007f821b002800 Uncommon trap: reason=class_check action=maybe_recompile pc=0x000000011535be80 method=java.io.FilterInputStream.read([B)I @ 5
Event: 6.413 Thread 0x00007f821b002800 Uncommon trap: reason=class_check action=maybe_recompile pc=0x000000011535be80 method=java.io.FilterInputStream.read([B)I @ 5

Internal exceptions (10 events):
Event: 0.253 Thread 0x00007f821b002800 Exception <a 'java/security/PrivilegedActionException'> (0x0000000615d78f28) thrown at [/Users/java_re/workspace/8-2-build-macosx-x86_64/jdk8u92/6642/hotspot/src/share/vm/prims/jvm.cpp, line 1386]
Event: 0.253 Thread 0x00007f821b002800 Exception <a 'java/security/PrivilegedActionException'> (0x0000000615d7c1c8) thrown at [/Users/java_re/workspace/8-2-build-macosx-x86_64/jdk8u92/6642/hotspot/src/share/vm/prims/jvm.cpp, line 1386]
Event: 0.253 Thread 0x00007f821b002800 Exception <a 'java/security/PrivilegedActionException'> (0x0000000615d7c3d8) thrown at [/Users/java_re/workspace/8-2-build-macosx-x86_64/jdk8u92/6642/hotspot/src/share/vm/prims/jvm.cpp, line 1386]
Event: 0.452 Thread 0x00007f821b002800 Exception <a 'java/lang/NoClassDefFoundError': org/slf4j/impl/StaticLoggerBinder> (0x00000006167508e0) thrown at [/Users/java_re/workspace/8-2-build-macosx-x86_64/jdk8u92/6642/hotspot/src/share/vm/classfile/systemDictionary.cpp, line 199]
Event: 0.651 Thread 0x00007f821b002800 Implicit null exception at 0x0000000114fe1e86 to 0x0000000114fe24cd
Event: 0.655 Thread 0x00007f821b002800 Implicit null exception at 0x0000000114fe0f97 to 0x0000000114fe143d
Event: 1.166 Thread 0x00007f821b002800 Implicit null exception at 0x0000000114fe5e69 to 0x0000000114fe611d
Event: 1.529 Thread 0x00007f821b002800 Implicit null exception at 0x0000000114fdf184 to 0x0000000114fdf35d
Event: 1.601 Thread 0x00007f821b002800 Exception <a 'java/lang/NoSuchFieldError': method resolution failed> (0x0000000618aff330) thrown at [/Users/java_re/workspace/8-2-build-macosx-x86_64/jdk8u92/6642/hotspot/src/share/vm/prims/methodHandles.cpp, line 1146]
Event: 1.603 Thread 0x00007f821b002800 Exception <a 'java/lang/NoSuchFieldError': method resolution failed> (0x0000000618b0d2c0) thrown at [/Users/java_re/workspace/8-2-build-macosx-x86_64/jdk8u92/6642/hotspot/src/share/vm/prims/methodHandles.cpp, line 1146]

Events (10 events):
Event: 6.428 loading class org/nd4j/linalg/api/buffer/LongBuffer
Event: 6.428 loading class org/nd4j/linalg/api/buffer/LongBuffer done
Event: 6.429 loading class org/bytedeco/javacpp/indexer/LongRawIndexer
Event: 6.429 loading class org/bytedeco/javacpp/indexer/LongRawIndexer done
Event: 6.429 loading class org/bytedeco/javacpp/indexer/LongBufferIndexer
Event: 6.429 loading class org/bytedeco/javacpp/indexer/LongBufferIndexer done
Event: 6.430 loading class org/bytedeco/javacpp/indexer/LongIndexer$1
Event: 6.430 loading class org/bytedeco/javacpp/indexer/LongIndexer$1 done
Event: 6.430 loading class org/bytedeco/javacpp/indexer/LongArrayIndexer
Event: 6.430 loading class org/bytedeco/javacpp/indexer/LongArrayIndexer done


Dynamic libraries:
0x000000005d2b9000 	/System/Library/Frameworks/Cocoa.framework/Versions/A/Cocoa
0x000000005d2b9000 	/System/Library/Frameworks/Security.framework/Versions/A/Security
0x000000005d2b9000 	/System/Library/Frameworks/ApplicationServices.framework/Versions/A/ApplicationServices
0x000000005d2b9000 	/usr/lib/libz.1.dylib
0x000000005d2b9000 	/usr/lib/libSystem.B.dylib
0x000000005d2b9000 	/usr/lib/libobjc.A.dylib
0x000000005d2b9000 	/System/Library/Frameworks/CoreFoundation.framework/Versions/A/CoreFoundation
0x000000005d2b9000 	/System/Library/Frameworks/Foundation.framework/Versions/C/Foundation
0x000000005d2b9000 	/System/Library/Frameworks/AppKit.framework/Versions/C/AppKit
0x000000005d2b9000 	/System/Library/Frameworks/CoreData.framework/Versions/A/CoreData
0x000000005d2b9000 	/System/Library/PrivateFrameworks/RemoteViewServices.framework/Versions/A/RemoteViewServices
0x000000005d2b9000 	/System/Library/PrivateFrameworks/UIFoundation.framework/Versions/A/UIFoundation
0x000000005d2b9000 	/System/Library/PrivateFrameworks/DFRFoundation.framework/Versions/A/DFRFoundation
0x000000005d2b9000 	/usr/lib/libenergytrace.dylib
0x000000005d2b9000 	/System/Library/PrivateFrameworks/SkyLight.framework/Versions/A/SkyLight
0x000000005d2b9000 	/System/Library/Frameworks/CoreGraphics.framework/Versions/A/CoreGraphics
0x000000005d2b9000 	/usr/lib/libScreenReader.dylib
0x000000005d2b9000 	/System/Library/Frameworks/Accelerate.framework/Versions/A/Accelerate
0x000000005d2b9000 	/System/Library/Frameworks/IOSurface.framework/Versions/A/IOSurface
0x000000005d2b9000 	/System/Library/Frameworks/AudioToolbox.framework/Versions/A/AudioToolbox
0x000000005d2b9000 	/System/Library/Frameworks/AudioUnit.framework/Versions/A/AudioUnit
0x000000005d2b9000 	/System/Library/PrivateFrameworks/DataDetectorsCore.framework/Versions/A/DataDetectorsCore
0x000000005d2b9000 	/System/Library/PrivateFrameworks/DesktopServicesPriv.framework/Versions/A/DesktopServicesPriv
0x000000005d2b9000 	/System/Library/Frameworks/Carbon.framework/Versions/A/Frameworks/HIToolbox.framework/Versions/A/HIToolbox
0x000000005d2b9000 	/usr/lib/libicucore.A.dylib
0x000000005d2b9000 	/System/Library/Frameworks/QuartzCore.framework/Versions/A/QuartzCore
0x000000005d2b9000 	/System/Library/Frameworks/Carbon.framework/Versions/A/Frameworks/SpeechRecognition.framework/Versions/A/SpeechRecognition
0x000000005d2b9000 	/usr/lib/libauto.dylib
0x000000005d2b9000 	/usr/lib/libxml2.2.dylib
0x000000005d2b9000 	/System/Library/PrivateFrameworks/CoreUI.framework/Versions/A/CoreUI
0x000000005d2b9000 	/System/Library/Frameworks/CoreAudio.framework/Versions/A/CoreAudio
0x000000005d2b9000 	/System/Library/Frameworks/DiskArbitration.framework/Versions/A/DiskArbitration
0x000000005d2b9000 	/usr/lib/liblangid.dylib
0x000000005d2b9000 	/System/Library/PrivateFrameworks/MultitouchSupport.framework/Versions/A/MultitouchSupport
0x000000005d2b9000 	/System/Library/Frameworks/IOKit.framework/Versions/A/IOKit
0x000000005d2b9000 	/usr/lib/libDiagnosticMessagesClient.dylib
0x000000005d2b9000 	/System/Library/Frameworks/CoreServices.framework/Versions/A/CoreServices
0x000000005d2b9000 	/System/Library/PrivateFrameworks/PerformanceAnalysis.framework/Versions/A/PerformanceAnalysis
0x000000005d2b9000 	/System/Library/PrivateFrameworks/GenerationalStorage.framework/Versions/A/GenerationalStorage
0x000000005d2b9000 	/System/Library/Frameworks/OpenGL.framework/Versions/A/OpenGL
0x000000005d2b9000 	/System/Library/Frameworks/CoreImage.framework/Versions/A/CoreImage
0x000000005d2b9000 	/System/Library/Frameworks/CoreText.framework/Versions/A/CoreText
0x000000005d2b9000 	/System/Library/Frameworks/ImageIO.framework/Versions/A/ImageIO
0x000000005d2b9000 	/System/Library/PrivateFrameworks/Backup.framework/Versions/A/Backup
0x000000005d2b9000 	/usr/lib/libarchive.2.dylib
0x000000005d2b9000 	/System/Library/Frameworks/CFNetwork.framework/Versions/A/CFNetwork
0x000000005d2b9000 	/System/Library/Frameworks/SystemConfiguration.framework/Versions/A/SystemConfiguration
0x000000005d2b9000 	/usr/lib/libCRFSuite.dylib
0x000000005d2b9000 	/usr/lib/libc++.1.dylib
0x000000005d2b9000 	/usr/lib/libc++abi.dylib
0x000000005d2b9000 	/usr/lib/system/libcache.dylib
0x000000005d2b9000 	/usr/lib/system/libcommonCrypto.dylib
0x000000005d2b9000 	/usr/lib/system/libcompiler_rt.dylib
0x000000005d2b9000 	/usr/lib/system/libcopyfile.dylib
0x000000005d2b9000 	/usr/lib/system/libcorecrypto.dylib
0x000000005d2b9000 	/usr/lib/system/libdispatch.dylib
0x000000005d2b9000 	/usr/lib/system/libdyld.dylib
0x000000005d2b9000 	/usr/lib/system/libkeymgr.dylib
0x000000005d2b9000 	/usr/lib/system/liblaunch.dylib
0x000000005d2b9000 	/usr/lib/system/libmacho.dylib
0x000000005d2b9000 	/usr/lib/system/libquarantine.dylib
0x000000005d2b9000 	/usr/lib/system/libremovefile.dylib
0x000000005d2b9000 	/usr/lib/system/libsystem_asl.dylib
0x000000005d2b9000 	/usr/lib/system/libsystem_blocks.dylib
0x000000005d2b9000 	/usr/lib/system/libsystem_c.dylib
0x000000005d2b9000 	/usr/lib/system/libsystem_configuration.dylib
0x000000005d2b9000 	/usr/lib/system/libsystem_coreservices.dylib
0x000000005d2b9000 	/usr/lib/system/libsystem_coretls.dylib
0x000000005d2b9000 	/usr/lib/system/libsystem_dnssd.dylib
0x000000005d2b9000 	/usr/lib/system/libsystem_info.dylib
0x000000005d2b9000 	/usr/lib/system/libsystem_kernel.dylib
0x000000005d2b9000 	/usr/lib/system/libsystem_m.dylib
0x000000005d2b9000 	/usr/lib/system/libsystem_malloc.dylib
0x000000005d2b9000 	/usr/lib/system/libsystem_network.dylib
0x000000005d2b9000 	/usr/lib/system/libsystem_networkextension.dylib
0x000000005d2b9000 	/usr/lib/system/libsystem_notify.dylib
0x000000005d2b9000 	/usr/lib/system/libsystem_platform.dylib
0x000000005d2b9000 	/usr/lib/system/libsystem_pthread.dylib
0x000000005d2b9000 	/usr/lib/system/libsystem_sandbox.dylib
0x000000005d2b9000 	/usr/lib/system/libsystem_secinit.dylib
0x000000005d2b9000 	/usr/lib/system/libsystem_symptoms.dylib
0x000000005d2b9000 	/usr/lib/system/libsystem_trace.dylib
0x000000005d2b9000 	/usr/lib/system/libunwind.dylib
0x000000005d2b9000 	/usr/lib/system/libxpc.dylib
0x000000005d2b9000 	/usr/lib/libbsm.0.dylib
0x000000005d2b9000 	/usr/lib/system/libkxld.dylib
0x000000005d2b9000 	/usr/lib/libcoretls.dylib
0x000000005d2b9000 	/usr/lib/libcoretls_cfhelpers.dylib
0x000000005d2b9000 	/usr/lib/libOpenScriptingUtil.dylib
0x000000005d2b9000 	/usr/lib/libpam.2.dylib
0x000000005d2b9000 	/usr/lib/libsqlite3.dylib
0x000000005d2b9000 	/usr/lib/libxar.1.dylib
0x000000005d2b9000 	/usr/lib/libbz2.1.0.dylib
0x000000005d2b9000 	/usr/lib/liblzma.5.dylib
0x000000005d2b9000 	/usr/lib/libnetwork.dylib
0x000000005d2b9000 	/usr/lib/libpcap.A.dylib
0x000000005d2b9000 	/System/Library/Frameworks/CoreServices.framework/Versions/A/Frameworks/FSEvents.framework/Versions/A/FSEvents
0x000000005d2b9000 	/System/Library/Frameworks/CoreServices.framework/Versions/A/Frameworks/CarbonCore.framework/Versions/A/CarbonCore
0x000000005d2b9000 	/System/Library/Frameworks/CoreServices.framework/Versions/A/Frameworks/Metadata.framework/Versions/A/Metadata
0x000000005d2b9000 	/System/Library/Frameworks/CoreServices.framework/Versions/A/Frameworks/OSServices.framework/Versions/A/OSServices
0x000000005d2b9000 	/System/Library/Frameworks/CoreServices.framework/Versions/A/Frameworks/SearchKit.framework/Versions/A/SearchKit
0x000000005d2b9000 	/System/Library/Frameworks/CoreServices.framework/Versions/A/Frameworks/AE.framework/Versions/A/AE
0x000000005d2b9000 	/System/Library/Frameworks/CoreServices.framework/Versions/A/Frameworks/LaunchServices.framework/Versions/A/LaunchServices
0x000000005d2b9000 	/System/Library/Frameworks/CoreServices.framework/Versions/A/Frameworks/DictionaryServices.framework/Versions/A/DictionaryServices
0x000000005d2b9000 	/System/Library/Frameworks/CoreServices.framework/Versions/A/Frameworks/SharedFileList.framework/Versions/A/SharedFileList
0x000000005d2b9000 	/System/Library/Frameworks/NetFS.framework/Versions/A/NetFS
0x000000005d2b9000 	/System/Library/PrivateFrameworks/NetAuth.framework/Versions/A/NetAuth
0x000000005d2b9000 	/System/Library/PrivateFrameworks/login.framework/Versions/A/Frameworks/loginsupport.framework/Versions/A/loginsupport
0x000000005d2b9000 	/System/Library/PrivateFrameworks/TCC.framework/Versions/A/TCC
0x000000005d2b9000 	/usr/lib/libmecabra.dylib
0x000000005d2b9000 	/System/Library/Frameworks/ApplicationServices.framework/Versions/A/Frameworks/ATS.framework/Versions/A/ATS
0x000000005d2b9000 	/System/Library/Frameworks/ApplicationServices.framework/Versions/A/Frameworks/ColorSync.framework/Versions/A/ColorSync
0x000000005d2b9000 	/System/Library/Frameworks/ApplicationServices.framework/Versions/A/Frameworks/HIServices.framework/Versions/A/HIServices
0x000000005d2b9000 	/System/Library/Frameworks/ApplicationServices.framework/Versions/A/Frameworks/LangAnalysis.framework/Versions/A/LangAnalysis
0x000000005d2b9000 	/System/Library/Frameworks/ApplicationServices.framework/Versions/A/Frameworks/PrintCore.framework/Versions/A/PrintCore
0x000000005d2b9000 	/System/Library/Frameworks/ApplicationServices.framework/Versions/A/Frameworks/QD.framework/Versions/A/QD
0x000000005d2b9000 	/System/Library/Frameworks/ApplicationServices.framework/Versions/A/Frameworks/SpeechSynthesis.framework/Versions/A/SpeechSynthesis
0x000000005d2b9000 	/System/Library/Frameworks/Accelerate.framework/Versions/A/Frameworks/vImage.framework/Versions/A/vImage
0x000000005d2b9000 	/System/Library/Frameworks/Accelerate.framework/Versions/A/Frameworks/vecLib.framework/Versions/A/vecLib
0x000000005d2b9000 	/System/Library/Frameworks/Accelerate.framework/Versions/A/Frameworks/vecLib.framework/Versions/A/libvDSP.dylib
0x000000005d2b9000 	/System/Library/Frameworks/Accelerate.framework/Versions/A/Frameworks/vecLib.framework/Versions/A/libBNNS.dylib
0x000000005d2b9000 	/System/Library/Frameworks/Accelerate.framework/Versions/A/Frameworks/vecLib.framework/Versions/A/libQuadrature.dylib
0x000000005d2b9000 	/System/Library/Frameworks/Accelerate.framework/Versions/A/Frameworks/vecLib.framework/Versions/A/libvMisc.dylib
0x000000005d2b9000 	/System/Library/Frameworks/Accelerate.framework/Versions/A/Frameworks/vecLib.framework/Versions/A/libLAPACK.dylib
0x000000005d2b9000 	/System/Library/Frameworks/Accelerate.framework/Versions/A/Frameworks/vecLib.framework/Versions/A/libBLAS.dylib
0x000000005d2b9000 	/System/Library/Frameworks/Accelerate.framework/Versions/A/Frameworks/vecLib.framework/Versions/A/libLinearAlgebra.dylib
0x000000005d2b9000 	/System/Library/Frameworks/Accelerate.framework/Versions/A/Frameworks/vecLib.framework/Versions/A/libSparseBLAS.dylib
0x000000005d2b9000 	/System/Library/Frameworks/ApplicationServices.framework/Versions/A/Frameworks/ATS.framework/Versions/A/Resources/libFontParser.dylib
0x000000005d2b9000 	/System/Library/Frameworks/ApplicationServices.framework/Versions/A/Frameworks/ATS.framework/Versions/A/Resources/libFontRegistry.dylib
0x000000005d2b9000 	/System/Library/Frameworks/ImageIO.framework/Versions/A/Resources/libJPEG.dylib
0x000000005d2b9000 	/System/Library/Frameworks/ImageIO.framework/Versions/A/Resources/libTIFF.dylib
0x000000005d2b9000 	/System/Library/Frameworks/ImageIO.framework/Versions/A/Resources/libPng.dylib
0x000000005d2b9000 	/System/Library/Frameworks/ImageIO.framework/Versions/A/Resources/libGIF.dylib
0x000000005d2b9000 	/System/Library/Frameworks/ImageIO.framework/Versions/A/Resources/libJP2.dylib
0x000000005d2b9000 	/System/Library/Frameworks/ImageIO.framework/Versions/A/Resources/libRadiance.dylib
0x000000005d2b9000 	/usr/lib/libcompression.dylib
0x000000005d2b9000 	/System/Library/PrivateFrameworks/AppleJPEG.framework/Versions/A/AppleJPEG
0x000000005d2b9000 	/usr/lib/libcups.2.dylib
0x000000005d2b9000 	/System/Library/Frameworks/Kerberos.framework/Versions/A/Kerberos
0x000000005d2b9000 	/System/Library/Frameworks/GSS.framework/Versions/A/GSS
0x000000005d2b9000 	/usr/lib/libresolv.9.dylib
0x000000005d2b9000 	/usr/lib/libiconv.2.dylib
0x000000005d2b9000 	/System/Library/PrivateFrameworks/Heimdal.framework/Versions/A/Heimdal
0x000000005d2b9000 	/usr/lib/libheimdal-asn1.dylib
0x000000005d2b9000 	/System/Library/Frameworks/OpenDirectory.framework/Versions/A/OpenDirectory
0x000000005d2b9000 	/System/Library/PrivateFrameworks/CommonAuth.framework/Versions/A/CommonAuth
0x000000005d2b9000 	/System/Library/Frameworks/OpenDirectory.framework/Versions/A/Frameworks/CFOpenDirectory.framework/Versions/A/CFOpenDirectory
0x000000005d2b9000 	/System/Library/Frameworks/SecurityFoundation.framework/Versions/A/SecurityFoundation
0x000000005d2b9000 	/System/Library/PrivateFrameworks/LanguageModeling.framework/Versions/A/LanguageModeling
0x000000005d2b9000 	/usr/lib/libmarisa.dylib
0x000000005d2b9000 	/usr/lib/libChineseTokenizer.dylib
0x000000005d2b9000 	/usr/lib/libcmph.dylib
0x000000005d2b9000 	/System/Library/PrivateFrameworks/CoreEmoji.framework/Versions/A/CoreEmoji
0x000000005d2b9000 	/System/Library/Frameworks/ServiceManagement.framework/Versions/A/ServiceManagement
0x000000005d2b9000 	/usr/lib/libxslt.1.dylib
0x000000005d2b9000 	/System/Library/Frameworks/Carbon.framework/Versions/A/Frameworks/Ink.framework/Versions/A/Ink
0x000000005d2b9000 	/System/Library/PrivateFrameworks/TextureIO.framework/Versions/A/TextureIO
0x000000005d2b9000 	/System/Library/Frameworks/Metal.framework/Versions/A/Metal
0x000000005d2b9000 	/usr/lib/libate.dylib
0x000000005d2b9000 	/System/Library/PrivateFrameworks/GPUCompiler.framework/libmetal_timestamp.dylib
0x000000005d2b9000 	/System/Library/Frameworks/OpenGL.framework/Versions/A/Libraries/libCoreFSCache.dylib
0x000000005d2b9000 	/System/Library/PrivateFrameworks/IOAccelerator.framework/Versions/A/IOAccelerator
0x000000005d2b9000 	/System/Library/Frameworks/CoreVideo.framework/Versions/A/CoreVideo
0x000000005d2b9000 	/usr/lib/libFosl_dynamic.dylib
0x000000005d2b9000 	/System/Library/PrivateFrameworks/MetalPerformanceShaders.framework/Versions/A/MetalPerformanceShaders
0x000000005d2b9000 	/System/Library/PrivateFrameworks/FaceCore.framework/Versions/A/FaceCore
0x000000005d2b9000 	/System/Library/Frameworks/OpenCL.framework/Versions/A/OpenCL
0x000000005d2b9000 	/System/Library/Frameworks/OpenGL.framework/Versions/A/Libraries/libGLU.dylib
0x000000005d2b9000 	/System/Library/Frameworks/OpenGL.framework/Versions/A/Libraries/libGFXShared.dylib
0x000000005d2b9000 	/System/Library/Frameworks/OpenGL.framework/Versions/A/Libraries/libGL.dylib
0x000000005d2b9000 	/System/Library/Frameworks/OpenGL.framework/Versions/A/Libraries/libGLImage.dylib
0x000000005d2b9000 	/System/Library/Frameworks/OpenGL.framework/Versions/A/Libraries/libCVMSPluginSupport.dylib
0x000000005d2b9000 	/System/Library/Frameworks/OpenGL.framework/Versions/A/Libraries/libCoreVMClient.dylib
0x000000005d2b9000 	/System/Library/PrivateFrameworks/CrashReporterSupport.framework/Versions/A/CrashReporterSupport
0x000000005d2b9000 	/System/Library/PrivateFrameworks/Sharing.framework/Versions/A/Sharing
0x000000005d2b9000 	/System/Library/PrivateFrameworks/IconServices.framework/Versions/A/IconServices
0x000000005d2b9000 	/System/Library/PrivateFrameworks/ProtocolBuffer.framework/Versions/A/ProtocolBuffer
0x000000005d2b9000 	/System/Library/PrivateFrameworks/Apple80211.framework/Versions/A/Apple80211
0x000000005d2b9000 	/System/Library/Frameworks/CoreWLAN.framework/Versions/A/CoreWLAN
0x000000005d2b9000 	/System/Library/PrivateFrameworks/CoreUtils.framework/Versions/A/CoreUtils
0x000000005d2b9000 	/System/Library/Frameworks/IOBluetooth.framework/Versions/A/IOBluetooth
0x000000005d2b9000 	/System/Library/PrivateFrameworks/CoreWiFi.framework/Versions/A/CoreWiFi
0x000000005d2b9000 	/System/Library/Frameworks/CoreBluetooth.framework/Versions/A/CoreBluetooth
0x000000005d2b9000 	/System/Library/Frameworks/CoreDisplay.framework/Versions/A/CoreDisplay
0x000000005d2b9000 	/System/Library/PrivateFrameworks/IOPresentment.framework/Versions/A/IOPresentment
0x000000005d2b9000 	/System/Library/PrivateFrameworks/DSExternalDisplay.framework/Versions/A/DSExternalDisplay
0x000000005d2b9000 	/System/Library/PrivateFrameworks/DebugSymbols.framework/Versions/A/DebugSymbols
0x000000005d2b9000 	/System/Library/PrivateFrameworks/CoreSymbolication.framework/Versions/A/CoreSymbolication
0x000000005d2b9000 	/System/Library/PrivateFrameworks/Symbolication.framework/Versions/A/Symbolication
0x000000005d2b9000 	/System/Library/PrivateFrameworks/AppleFSCompression.framework/Versions/A/AppleFSCompression
0x000000005d2b9000 	/System/Library/PrivateFrameworks/SpeechRecognitionCore.framework/Versions/A/SpeechRecognitionCore
0x000000005d2b9000 	/System/Library/PrivateFrameworks/ChunkingLibrary.framework/Versions/A/ChunkingLibrary
0x0000000107400000 	/Library/Java/JavaVirtualMachines/jdk1.8.0_92.jdk/Contents/Home/jre/lib/server/libjvm.dylib
0x000000005d2b9000 	/usr/lib/libstdc++.6.dylib
0x0000000106281000 	/Library/Java/JavaVirtualMachines/jdk1.8.0_92.jdk/Contents/Home/jre/lib/libverify.dylib
0x000000010628f000 	/Library/Java/JavaVirtualMachines/jdk1.8.0_92.jdk/Contents/Home/jre/lib/libjava.dylib
0x00000001062c5000 	/Library/Java/JavaVirtualMachines/jdk1.8.0_92.jdk/Contents/Home/jre/lib/libinstrument.dylib
0x0000000106323000 	/Library/Java/JavaVirtualMachines/jdk1.8.0_92.jdk/Contents/Home/jre/lib/libzip.dylib
0x00000001119e8000 	/System/Library/Frameworks/JavaVM.framework/Frameworks/JavaRuntimeSupport.framework/JavaRuntimeSupport
0x0000000111a02000 	/System/Library/Frameworks/JavaVM.framework/Versions/A/Frameworks/JavaNativeFoundation.framework/Versions/A/JavaNativeFoundation
0x0000000111a17000 	/System/Library/Frameworks/JavaVM.framework/Versions/A/JavaVM
0x000000005d2b9000 	/System/Library/Frameworks/Carbon.framework/Versions/A/Carbon
0x0000000111a24000 	/System/Library/PrivateFrameworks/JavaLaunching.framework/Versions/A/JavaLaunching
0x000000005d2b9000 	/System/Library/Frameworks/Carbon.framework/Versions/A/Frameworks/CommonPanels.framework/Versions/A/CommonPanels
0x000000005d2b9000 	/System/Library/Frameworks/Carbon.framework/Versions/A/Frameworks/Help.framework/Versions/A/Help
0x000000005d2b9000 	/System/Library/Frameworks/Carbon.framework/Versions/A/Frameworks/ImageCapture.framework/Versions/A/ImageCapture
0x000000005d2b9000 	/System/Library/Frameworks/Carbon.framework/Versions/A/Frameworks/OpenScripting.framework/Versions/A/OpenScripting
0x000000005d2b9000 	/System/Library/Frameworks/Carbon.framework/Versions/A/Frameworks/Print.framework/Versions/A/Print
0x000000005d2b9000 	/System/Library/Frameworks/Carbon.framework/Versions/A/Frameworks/SecurityHI.framework/Versions/A/SecurityHI
0x000000011333a000 	/Library/Java/JavaVirtualMachines/jdk1.8.0_92.jdk/Contents/Home/jre/lib/libnet.dylib
0x000000011452b000 	/Users/alessandrozonta/.javacpp/cache/nd4j-native-0.9.1-macosx-x86_64.jar/org/nd4j/nativeblas/macosx-x86_64/libnd4jcpu.dylib
0x0000000113fa9000 	/Users/alessandrozonta/.javacpp/cache/nd4j-native-0.9.1-macosx-x86_64.jar/org/nd4j/nativeblas/macosx-x86_64/libjnind4jcpu.dylib
0x0000000114074000 	/Library/Java/JavaVirtualMachines/jdk1.8.0_92.jdk/Contents/Home/jre/lib/libnio.dylib
0x000000014c6d7000 	/Users/alessandrozonta/.javacpp/cache/openblas-0.2.19-1.3-macosx-x86_64.jar/org/bytedeco/javacpp/macosx-x86_64/libopenblas.dylib
0x0000000157751000 	/Users/alessandrozonta/.javacpp/cache/openblas-0.2.19-1.3-macosx-x86_64.jar/org/bytedeco/javacpp/macosx-x86_64/libjniopenblas.dylib
0x000000015d69e000 	/Users/alessandrozonta/.javacpp/cache/opencv-3.2.0-1.3-macosx-x86_64.jar/org/bytedeco/javacpp/macosx-x86_64/libopencv_core.3.2.dylib
0x000000015d949000 	/Users/alessandrozonta/.javacpp/cache/opencv-3.2.0-1.3-macosx-x86_64.jar/org/bytedeco/javacpp/macosx-x86_64/libopencv_imgproc.3.2.dylib
0x000000015dcb3000 	/Users/alessandrozonta/.javacpp/cache/opencv-3.2.0-1.3-macosx-x86_64.jar/org/bytedeco/javacpp/macosx-x86_64/libjniopencv_core.dylib
0x000000015e149000 	/Users/alessandrozonta/.javacpp/cache/opencv-3.2.0-1.3-macosx-x86_64.jar/org/bytedeco/javacpp/macosx-x86_64/libjniopencv_imgproc.dylib
0x000000015e260000 	/Users/alessandrozonta/.javacpp/cache/opencv-3.2.0-1.3-macosx-x86_64.jar/org/bytedeco/javacpp/macosx-x86_64/libopencv_imgcodecs.3.2.dylib
0x000000011410d000 	/Users/alessandrozonta/.javacpp/cache/opencv-3.2.0-1.3-macosx-x86_64.jar/org/bytedeco/javacpp/macosx-x86_64/libjniopencv_imgcodecs.dylib

VM Arguments:
jvm_args: -ea -Djava.util.logging.SimpleFormatter.format=%1$tY-%1$tm-%1$td %1$tH:%1$tM:%1$tS %4$-6s %2$s %5$s%6$s%n -Xmx20480m -Xss4086k -Didea.test.cyclic.buffer.size=1048576 -javaagent:/Applications/IntelliJ IDEA.app/Contents/lib/idea_rt.jar=65526:/Applications/IntelliJ IDEA.app/Contents/bin -Dfile.encoding=UTF-8 
java_command: com.intellij.rt.execution.junit.JUnitStarter -ideVersion5 tgcfs.Networks.ConvolutionaryTest,computeOutput1
java_class_path (initial): /Applications/IntelliJ IDEA.app/Contents/lib/idea_rt.jar:/Applications/IntelliJ IDEA.app/Contents/plugins/junit/lib/junit-rt.jar:/Library/Java/JavaVirtualMachines/jdk1.8.0_92.jdk/Contents/Home/jre/lib/charsets.jar:/Library/Java/JavaVirtualMachines/jdk1.8.0_92.jdk/Contents/Home/jre/lib/deploy.jar:/Library/Java/JavaVirtualMachines/jdk1.8.0_92.jdk/Contents/Home/jre/lib/ext/cldrdata.jar:/Library/Java/JavaVirtualMachines/jdk1.8.0_92.jdk/Contents/Home/jre/lib/ext/dnsns.jar:/Library/Java/JavaVirtualMachines/jdk1.8.0_92.jdk/Contents/Home/jre/lib/ext/jaccess.jar:/Library/Java/JavaVirtualMachines/jdk1.8.0_92.jdk/Contents/Home/jre/lib/ext/jfxrt.jar:/Library/Java/JavaVirtualMachines/jdk1.8.0_92.jdk/Contents/Home/jre/lib/ext/localedata.jar:/Library/Java/JavaVirtualMachines/jdk1.8.0_92.jdk/Contents/Home/jre/lib/ext/nashorn.jar:/Library/Java/JavaVirtualMachines/jdk1.8.0_92.jdk/Contents/Home/jre/lib/ext/sunec.jar:/Library/Java/JavaVirtualMachines/jdk1.8.0_92.jdk/Contents/Home/jre/lib/ext/sunjce_provider.jar:/Library/Java/JavaVirtualMachines/jdk1.8.0_92.jdk/Contents/Home/jre/lib/ext/sunpkcs11.jar:/Library/Java/JavaVirtualMachines/jdk1.8.0_92.jdk/Contents/Home/jre/lib/ext/zipfs.jar:/Library/Java/JavaVirtualMachines/jdk1.8.0_92.jdk/Contents/Home/jre/lib/javaws.jar:/Library/Java/JavaVirtualMachines/jdk1.8.0_92.jdk/Contents/Home/jre/lib/jce.jar:/Library/Java/JavaVirtualMachines/jdk1.8.0_92.jdk/Contents/Home/jre/lib/jfr.jar:/Library/Java/JavaVirtualMachines/jdk1.8.0_92.jdk/Contents/Home/jre/lib/jfxswt.jar:/Library/Java/JavaVirtualMachines/jdk1.8.0_92.jdk/Contents/Home/jre/lib/jsse.jar:/Library/Java/JavaVirtualMachines/jdk1.8.0_92.jdk/Contents/Home/jre/lib/management-agent.jar:/Library/Java/JavaVirtualMachines/jdk1.8.0_92.jdk/Contents/Home/jre/lib/plugin.jar:/Library/Java/JavaVirtualMachines/jdk1.8.0_92.jdk/Contents/Home/jre/lib/resources.jar:/Library/Java/JavaVirtualMachines/jdk1.8.0_92.jdk/Contents/Home/jre/lib/rt.jar:/Library/Java/JavaVirtualMachines/jdk1.8
Launcher Type: SUN_STANDARD

Environment Variables:
PATH=/usr/local/sbin:/usr/local/sbin:/usr/local/bin:/usr/bin:/bin:/usr/sbin:/sbin:/usr/local/munki:/Library/TeX/texbin
SHELL=/bin/bash

Signal Handlers:
SIGSEGV: [libjvm.dylib+0x5aa779], sa_mask[0]=11111111011111110111111111111111, sa_flags=SA_ONSTACK|SA_RESTART|SA_SIGINFO
SIGBUS: [libjvm.dylib+0x5aa779], sa_mask[0]=11111111011111110111111111111111, sa_flags=SA_RESTART|SA_SIGINFO
SIGFPE: [libjvm.dylib+0x4831d0], sa_mask[0]=11111111011111110111111111111111, sa_flags=SA_RESTART|SA_SIGINFO
SIGPIPE: [libjvm.dylib+0x4831d0], sa_mask[0]=11111111011111110111111111111111, sa_flags=SA_RESTART|SA_SIGINFO
SIGXFSZ: [libjvm.dylib+0x4831d0], sa_mask[0]=11111111011111110111111111111111, sa_flags=SA_RESTART|SA_SIGINFO
SIGILL: [libjvm.dylib+0x4831d0], sa_mask[0]=11111111011111110111111111111111, sa_flags=SA_RESTART|SA_SIGINFO
SIGUSR1: SIG_DFL, sa_mask[0]=00000000000000000000000000000000, sa_flags=none
SIGUSR2: [libjvm.dylib+0x482cee], sa_mask[0]=00100000000000000000000000000000, sa_flags=SA_RESTART|SA_SIGINFO
SIGHUP: [libjvm.dylib+0x4812c5], sa_mask[0]=11111111011111110111111111111111, sa_flags=SA_RESTART|SA_SIGINFO
SIGINT: [libjvm.dylib+0x4812c5], sa_mask[0]=11111111011111110111111111111111, sa_flags=SA_RESTART|SA_SIGINFO
SIGTERM: [libjvm.dylib+0x4812c5], sa_mask[0]=11111111011111110111111111111111, sa_flags=SA_RESTART|SA_SIGINFO
SIGQUIT: [libjvm.dylib+0x4812c5], sa_mask[0]=11111111011111110111111111111111, sa_flags=SA_RESTART|SA_SIGINFO


---------------  S Y S T E M  ---------------

OS:Bsduname:Darwin 16.6.0 Darwin Kernel Version 16.6.0: Fri Apr 14 16:21:16 PDT 2017; root:xnu-3789.60.24~6/RELEASE_X86_64 x86_64
rlimit: STACK 8192k, CORE 0k, NPROC 709, NOFILE 10240, AS infinity
load average:2.35 2.07 2.26

CPU:total 8 (4 cores per cpu, 2 threads per core) family 6 model 70 stepping 1, cmov, cx8, fxsr, mmx, sse, sse2, sse3, ssse3, sse4.1, sse4.2, popcnt, avx, avx2, aes, clmul, erms, lzcnt, ht, tsc, tscinvbit, bmi1, bmi2

Memory: 4k page, physical 16777216k(3029956k free)

/proc/meminfo:


vm_info: Java HotSpot(TM) 64-Bit Server VM (25.92-b14) for bsd-amd64 JRE (1.8.0_92-b14), built on Mar 31 2016 21:23:14 by "java_re" with gcc 4.2.1 (Based on Apple Inc. build 5658) (LLVM build 2336.11.00)

time: Mon Aug 28 10:07:22 2017
elapsed time: 6 seconds (0d 0h 0m 6s)

